{"D:\\Internship\\NodeCliApp\\config\\bullBoard.js": {"path":"D:\\Internship\\NodeCliApp\\config\\bullBoard.js","statementMap":{"0":{"start":{"line":1,"column":28},"end":{"line":1,"column":54}},"1":{"start":{"line":2,"column":26},"end":{"line":2,"column":66}},"2":{"start":{"line":3,"column":27},"end":{"line":3,"column":57}},"3":{"start":{"line":4,"column":19},"end":{"line":4,"column":54}},"4":{"start":{"line":5,"column":19},"end":{"line":5,"column":54}},"5":{"start":{"line":6,"column":21},"end":{"line":6,"column":58}},"6":{"start":{"line":7,"column":19},"end":{"line":7,"column":54}},"7":{"start":{"line":8,"column":22},"end":{"line":8,"column":60}},"8":{"start":{"line":9,"column":20},"end":{"line":9,"column":56}},"9":{"start":{"line":11,"column":22},"end":{"line":11,"column":42}},"10":{"start":{"line":12,"column":0},"end":{"line":12,"column":43}},"11":{"start":{"line":13,"column":0},"end":{"line":25,"column":1}},"12":{"start":{"line":14,"column":2},"end":{"line":24,"column":5}},"13":{"start":{"line":27,"column":0},"end":{"line":27,"column":31}}},"fnMap":{},"branchMap":{"0":{"loc":{"start":{"line":13,"column":0},"end":{"line":25,"column":1}},"type":"if","locations":[{"start":{"line":13,"column":0},"end":{"line":25,"column":1}},{"start":{},"end":{}}],"line":13}},"s":{"0":3,"1":3,"2":3,"3":3,"4":3,"5":3,"6":3,"7":3,"8":3,"9":3,"10":3,"11":3,"12":0,"13":3},"f":{},"b":{"0":[0,3]},"_coverageSchema":"1a1c01bbd47fc00a2c39e90264f33305004495a9","hash":"78f53589183b16a5014dfd31b09a91d1cef73a49"}
,"D:\\Internship\\NodeCliApp\\config\\bullRedis.js": {"path":"D:\\Internship\\NodeCliApp\\config\\bullRedis.js","statementMap":{"0":{"start":{"line":1,"column":14},"end":{"line":1,"column":32}},"1":{"start":{"line":2,"column":15},"end":{"line":2,"column":27}},"2":{"start":{"line":4,"column":18},"end":{"line":11,"column":2}},"3":{"start":{"line":13,"column":0},"end":{"line":13,"column":27}}},"fnMap":{},"branchMap":{},"s":{"0":23,"1":23,"2":23,"3":23},"f":{},"b":{},"_coverageSchema":"1a1c01bbd47fc00a2c39e90264f33305004495a9","hash":"3c070bb8a616780bcc8c043271ac8e0c22643648"}
,"D:\\Internship\\NodeCliApp\\config\\index.js": {"path":"D:\\Internship\\NodeCliApp\\config\\index.js","statementMap":{"0":{"start":{"line":1,"column":0},"end":{"line":1,"column":27}},"1":{"start":{"line":11,"column":15},"end":{"line":31,"column":1}},"2":{"start":{"line":33,"column":0},"end":{"line":33,"column":24}}},"fnMap":{},"branchMap":{"0":{"loc":{"start":{"line":12,"column":8},"end":{"line":12,"column":32}},"type":"binary-expr","locations":[{"start":{"line":12,"column":8},"end":{"line":12,"column":24}},{"start":{"line":12,"column":28},"end":{"line":12,"column":32}}],"line":12}},"s":{"0":29,"1":29,"2":29},"f":{},"b":{"0":[29,0]},"_coverageSchema":"1a1c01bbd47fc00a2c39e90264f33305004495a9","hash":"63b31ec4f287eea18a183f358789bf93744854b9"}
,"D:\\Internship\\NodeCliApp\\config\\redis.js": {"path":"D:\\Internship\\NodeCliApp\\config\\redis.js","statementMap":{"0":{"start":{"line":1,"column":14},"end":{"line":1,"column":32}},"1":{"start":{"line":2,"column":15},"end":{"line":2,"column":27}},"2":{"start":{"line":3,"column":14},"end":{"line":8,"column":2}},"3":{"start":{"line":9,"column":0},"end":{"line":9,"column":23}}},"fnMap":{},"branchMap":{},"s":{"0":10,"1":10,"2":10,"3":10},"f":{},"b":{},"_coverageSchema":"1a1c01bbd47fc00a2c39e90264f33305004495a9","hash":"0964c125d900ae4147ab95321dcca665b721e967"}
,"D:\\Internship\\NodeCliApp\\config\\stripe.js": {"path":"D:\\Internship\\NodeCliApp\\config\\stripe.js","statementMap":{"0":{"start":{"line":1,"column":13},"end":{"line":1,"column":30}},"1":{"start":{"line":2,"column":15},"end":{"line":2,"column":27}},"2":{"start":{"line":3,"column":13},"end":{"line":3,"column":44}},"3":{"start":{"line":5,"column":0},"end":{"line":5,"column":22}}},"fnMap":{},"branchMap":{},"s":{"0":2,"1":2,"2":2,"3":2},"f":{},"b":{},"_coverageSchema":"1a1c01bbd47fc00a2c39e90264f33305004495a9","hash":"d04c1db35ca6547d5fa56d5b7ecc3bc171826064"}
,"D:\\Internship\\NodeCliApp\\model\\DailyReport.js": {"path":"D:\\Internship\\NodeCliApp\\model\\DailyReport.js","statementMap":{"0":{"start":{"line":1,"column":30},"end":{"line":1,"column":49}},"1":{"start":{"line":3,"column":20},"end":{"line":13,"column":1}},"2":{"start":{"line":16,"column":0},"end":{"line":16,"column":57}}},"fnMap":{},"branchMap":{},"s":{"0":4,"1":4,"2":4},"f":{},"b":{},"_coverageSchema":"1a1c01bbd47fc00a2c39e90264f33305004495a9","hash":"4d9304ef0c1dfe41bd155a18ec22727cd8464e67"}
,"D:\\Internship\\NodeCliApp\\model\\Order.js": {"path":"D:\\Internship\\NodeCliApp\\model\\Order.js","statementMap":{"0":{"start":{"line":1,"column":30},"end":{"line":1,"column":49}},"1":{"start":{"line":3,"column":20},"end":{"line":66,"column":1}},"2":{"start":{"line":68,"column":0},"end":{"line":68,"column":54}}},"fnMap":{},"branchMap":{},"s":{"0":6,"1":6,"2":6},"f":{},"b":{},"_coverageSchema":"1a1c01bbd47fc00a2c39e90264f33305004495a9","hash":"b82dc92b7f9231023f47a608dbe29f25453c36ab"}
,"D:\\Internship\\NodeCliApp\\model\\Product.js": {"path":"D:\\Internship\\NodeCliApp\\model\\Product.js","statementMap":{"0":{"start":{"line":1,"column":30},"end":{"line":1,"column":49}},"1":{"start":{"line":3,"column":22},"end":{"line":41,"column":1}},"2":{"start":{"line":43,"column":0},"end":{"line":43,"column":33}},"3":{"start":{"line":44,"column":0},"end":{"line":44,"column":30}},"4":{"start":{"line":46,"column":0},"end":{"line":46,"column":50}},"5":{"start":{"line":47,"column":0},"end":{"line":49,"column":2}},"6":{"start":{"line":48,"column":2},"end":{"line":48,"column":24}},"7":{"start":{"line":51,"column":0},"end":{"line":51,"column":48}},"8":{"start":{"line":52,"column":0},"end":{"line":52,"column":50}},"9":{"start":{"line":53,"column":0},"end":{"line":53,"column":58}}},"fnMap":{"0":{"name":"(anonymous_0)","decl":{"start":{"line":47,"column":45},"end":{"line":47,"column":46}},"loc":{"start":{"line":47,"column":55},"end":{"line":49,"column":1}},"line":47}},"branchMap":{},"s":{"0":5,"1":5,"2":5,"3":5,"4":5,"5":5,"6":3,"7":5,"8":5,"9":5},"f":{"0":3},"b":{},"_coverageSchema":"1a1c01bbd47fc00a2c39e90264f33305004495a9","hash":"442dcb6358bb59942eeba696b8fae5c1546a45bb"}
,"D:\\Internship\\NodeCliApp\\model\\Review.js": {"path":"D:\\Internship\\NodeCliApp\\model\\Review.js","statementMap":{"0":{"start":{"line":1,"column":30},"end":{"line":1,"column":49}},"1":{"start":{"line":2,"column":16},"end":{"line":2,"column":36}},"2":{"start":{"line":4,"column":21},"end":{"line":29,"column":1}},"3":{"start":{"line":31,"column":0},"end":{"line":52,"column":3}},"4":{"start":{"line":34,"column":17},"end":{"line":34,"column":71}},"5":{"start":{"line":37,"column":16},"end":{"line":37,"column":29}},"6":{"start":{"line":38,"column":2},"end":{"line":45,"column":5}},"7":{"start":{"line":40,"column":6},"end":{"line":43,"column":9}},"8":{"start":{"line":44,"column":6},"end":{"line":44,"column":13}},"9":{"start":{"line":46,"column":22},"end":{"line":46,"column":76}},"10":{"start":{"line":46,"column":53},"end":{"line":46,"column":72}},"11":{"start":{"line":47,"column":20},"end":{"line":47,"column":46}},"12":{"start":{"line":48,"column":3},"end":{"line":51,"column":5}},"13":{"start":{"line":54,"column":0},"end":{"line":54,"column":56}}},"fnMap":{"0":{"name":"(anonymous_0)","decl":{"start":{"line":31,"column":26},"end":{"line":31,"column":27}},"loc":{"start":{"line":31,"column":44},"end":{"line":52,"column":1}},"line":31},"1":{"name":"(anonymous_1)","decl":{"start":{"line":46,"column":36},"end":{"line":46,"column":37}},"loc":{"start":{"line":46,"column":53},"end":{"line":46,"column":72}},"line":46}},"branchMap":{"0":{"loc":{"start":{"line":38,"column":2},"end":{"line":45,"column":5}},"type":"if","locations":[{"start":{"line":38,"column":2},"end":{"line":45,"column":5}},{"start":{},"end":{}}],"line":38}},"s":{"0":3,"1":3,"2":3,"3":3,"4":0,"5":0,"6":0,"7":0,"8":0,"9":0,"10":0,"11":0,"12":0,"13":3},"f":{"0":0,"1":0},"b":{"0":[0,0]},"_coverageSchema":"1a1c01bbd47fc00a2c39e90264f33305004495a9","hash":"613f9254061f15ed0702b3b793121a05cb8e5167"}
,"D:\\Internship\\NodeCliApp\\model\\User.js": {"path":"D:\\Internship\\NodeCliApp\\model\\User.js","statementMap":{"0":{"start":{"line":1,"column":30},"end":{"line":1,"column":49}},"1":{"start":{"line":2,"column":15},"end":{"line":2,"column":32}},"2":{"start":{"line":3,"column":19},"end":{"line":67,"column":1}},"3":{"start":{"line":69,"column":0},"end":{"line":75,"column":3}},"4":{"start":{"line":70,"column":2},"end":{"line":72,"column":3}},"5":{"start":{"line":71,"column":4},"end":{"line":71,"column":11}},"6":{"start":{"line":74,"column":2},"end":{"line":74,"column":55}},"7":{"start":{"line":77,"column":0},"end":{"line":79,"column":2}},"8":{"start":{"line":78,"column":2},"end":{"line":78,"column":59}},"9":{"start":{"line":81,"column":0},"end":{"line":83,"column":3}},"10":{"start":{"line":82,"column":2},"end":{"line":82,"column":103}},"11":{"start":{"line":85,"column":0},"end":{"line":85,"column":45}},"12":{"start":{"line":86,"column":0},"end":{"line":86,"column":47}},"13":{"start":{"line":88,"column":0},"end":{"line":88,"column":52}}},"fnMap":{"0":{"name":"(anonymous_0)","decl":{"start":{"line":69,"column":23},"end":{"line":69,"column":24}},"loc":{"start":{"line":69,"column":41},"end":{"line":75,"column":1}},"line":69},"1":{"name":"(anonymous_1)","decl":{"start":{"line":77,"column":37},"end":{"line":77,"column":38}},"loc":{"start":{"line":77,"column":67},"end":{"line":79,"column":1}},"line":77},"2":{"name":"(anonymous_2)","decl":{"start":{"line":81,"column":38},"end":{"line":81,"column":39}},"loc":{"start":{"line":81,"column":50},"end":{"line":83,"column":1}},"line":81}},"branchMap":{"0":{"loc":{"start":{"line":70,"column":2},"end":{"line":72,"column":3}},"type":"if","locations":[{"start":{"line":70,"column":2},"end":{"line":72,"column":3}},{"start":{},"end":{}}],"line":70}},"s":{"0":5,"1":5,"2":5,"3":5,"4":19,"5":3,"6":16,"7":5,"8":15,"9":5,"10":5,"11":5,"12":5,"13":5},"f":{"0":19,"1":15,"2":5},"b":{"0":[3,16]},"_coverageSchema":"1a1c01bbd47fc00a2c39e90264f33305004495a9","hash":"fbdc74bdfa77e32b8f9361fac8a6a62afb88f4cd"}
,"D:\\Internship\\NodeCliApp\\src\\app.js": {"path":"D:\\Internship\\NodeCliApp\\src\\app.js","statementMap":{"0":{"start":{"line":1,"column":16},"end":{"line":1,"column":34}},"1":{"start":{"line":2,"column":12},"end":{"line":2,"column":21}},"2":{"start":{"line":3,"column":0},"end":{"line":3,"column":27}},"3":{"start":{"line":4,"column":13},"end":{"line":4,"column":28}},"4":{"start":{"line":5,"column":0},"end":{"line":10,"column":2}},"5":{"start":{"line":11,"column":15},"end":{"line":11,"column":41}},"6":{"start":{"line":12,"column":22},"end":{"line":12,"column":64}},"7":{"start":{"line":13,"column":22},"end":{"line":13,"column":55}},"8":{"start":{"line":14,"column":19},"end":{"line":14,"column":49}},"9":{"start":{"line":15,"column":21},"end":{"line":15,"column":47}},"10":{"start":{"line":16,"column":22},"end":{"line":16,"column":55}},"11":{"start":{"line":17,"column":15},"end":{"line":17,"column":32}},"12":{"start":{"line":18,"column":21},"end":{"line":18,"column":45}},"13":{"start":{"line":19,"column":15},"end":{"line":19,"column":32}},"14":{"start":{"line":20,"column":17},"end":{"line":20,"column":49}},"15":{"start":{"line":21,"column":23},"end":{"line":21,"column":57}},"16":{"start":{"line":22,"column":21},"end":{"line":22,"column":57}},"17":{"start":{"line":23,"column":16},"end":{"line":23,"column":48}},"18":{"start":{"line":24,"column":12},"end":{"line":24,"column":39}},"19":{"start":{"line":25,"column":28},"end":{"line":25,"column":71}},"20":{"start":{"line":30,"column":4},"end":{"line":30,"column":35}},"21":{"start":{"line":33,"column":0},"end":{"line":33,"column":23}},"22":{"start":{"line":34,"column":0},"end":{"line":34,"column":24}},"23":{"start":{"line":37,"column":0},"end":{"line":51,"column":2}},"24":{"start":{"line":52,"column":0},"end":{"line":56,"column":2}},"25":{"start":{"line":57,"column":0},"end":{"line":57,"column":29}},"26":{"start":{"line":58,"column":0},"end":{"line":58,"column":41}},"27":{"start":{"line":59,"column":0},"end":{"line":59,"column":63}},"28":{"start":{"line":60,"column":0},"end":{"line":60,"column":15}},"29":{"start":{"line":61,"column":0},"end":{"line":61,"column":25}},"30":{"start":{"line":62,"column":0},"end":{"line":62,"column":15}},"31":{"start":{"line":63,"column":13},"end":{"line":63,"column":28}},"32":{"start":{"line":66,"column":20},"end":{"line":66,"column":50}},"33":{"start":{"line":67,"column":20},"end":{"line":67,"column":51}},"34":{"start":{"line":68,"column":21},"end":{"line":68,"column":53}},"35":{"start":{"line":69,"column":20},"end":{"line":69,"column":51}},"36":{"start":{"line":73,"column":22},"end":{"line":73,"column":52}},"37":{"start":{"line":74,"column":16},"end":{"line":74,"column":52}},"38":{"start":{"line":75,"column":18},"end":{"line":75,"column":51}},"39":{"start":{"line":78,"column":23},"end":{"line":80,"column":33}},"40":{"start":{"line":80,"column":19},"end":{"line":80,"column":32}},"41":{"start":{"line":82,"column":0},"end":{"line":97,"column":2}},"42":{"start":{"line":85,"column":6},"end":{"line":87,"column":7}},"43":{"start":{"line":86,"column":8},"end":{"line":86,"column":36}},"44":{"start":{"line":88,"column":6},"end":{"line":90,"column":7}},"45":{"start":{"line":89,"column":8},"end":{"line":89,"column":36}},"46":{"start":{"line":91,"column":6},"end":{"line":91,"column":77}},"47":{"start":{"line":99,"column":0},"end":{"line":99,"column":52}},"48":{"start":{"line":100,"column":0},"end":{"line":100,"column":46}},"49":{"start":{"line":101,"column":0},"end":{"line":101,"column":49}},"50":{"start":{"line":102,"column":0},"end":{"line":102,"column":48}},"51":{"start":{"line":103,"column":0},"end":{"line":103,"column":48}},"52":{"start":{"line":104,"column":0},"end":{"line":104,"column":45}},"53":{"start":{"line":105,"column":0},"end":{"line":105,"column":49}},"54":{"start":{"line":109,"column":0},"end":{"line":115,"column":3}},"55":{"start":{"line":110,"column":2},"end":{"line":110,"column":24}},"56":{"start":{"line":112,"column":2},"end":{"line":114,"column":5}},"57":{"start":{"line":117,"column":0},"end":{"line":123,"column":3}},"58":{"start":{"line":118,"column":2},"end":{"line":118,"column":25}},"59":{"start":{"line":120,"column":2},"end":{"line":122,"column":5}},"60":{"start":{"line":125,"column":0},"end":{"line":125,"column":75}},"61":{"start":{"line":126,"column":0},"end":{"line":126,"column":52}},"62":{"start":{"line":127,"column":0},"end":{"line":129,"column":3}},"63":{"start":{"line":128,"column":2},"end":{"line":128,"column":17}},"64":{"start":{"line":130,"column":0},"end":{"line":130,"column":18}},"65":{"start":{"line":131,"column":0},"end":{"line":131,"column":20}},"66":{"start":{"line":132,"column":0},"end":{"line":132,"column":22}},"67":{"start":{"line":134,"column":0},"end":{"line":134,"column":18}}},"fnMap":{"0":{"name":"(anonymous_0)","decl":{"start":{"line":80,"column":7},"end":{"line":80,"column":8}},"loc":{"start":{"line":80,"column":19},"end":{"line":80,"column":32}},"line":80},"1":{"name":"(anonymous_1)","decl":{"start":{"line":84,"column":12},"end":{"line":84,"column":13}},"loc":{"start":{"line":84,"column":34},"end":{"line":92,"column":5}},"line":84},"2":{"name":"(anonymous_2)","decl":{"start":{"line":109,"column":27},"end":{"line":109,"column":28}},"loc":{"start":{"line":109,"column":41},"end":{"line":115,"column":1}},"line":109},"3":{"name":"(anonymous_3)","decl":{"start":{"line":117,"column":17},"end":{"line":117,"column":18}},"loc":{"start":{"line":117,"column":31},"end":{"line":123,"column":1}},"line":117},"4":{"name":"(anonymous_4)","decl":{"start":{"line":127,"column":13},"end":{"line":127,"column":14}},"loc":{"start":{"line":127,"column":27},"end":{"line":129,"column":1}},"line":127}},"branchMap":{"0":{"loc":{"start":{"line":85,"column":6},"end":{"line":87,"column":7}},"type":"if","locations":[{"start":{"line":85,"column":6},"end":{"line":87,"column":7}},{"start":{},"end":{}}],"line":85},"1":{"loc":{"start":{"line":88,"column":6},"end":{"line":90,"column":7}},"type":"if","locations":[{"start":{"line":88,"column":6},"end":{"line":90,"column":7}},{"start":{},"end":{}}],"line":88}},"s":{"0":3,"1":3,"2":3,"3":3,"4":3,"5":3,"6":3,"7":3,"8":3,"9":3,"10":3,"11":3,"12":3,"13":3,"14":3,"15":3,"16":3,"17":3,"18":3,"19":3,"20":3,"21":3,"22":3,"23":3,"24":3,"25":3,"26":3,"27":3,"28":3,"29":3,"30":3,"31":3,"32":3,"33":3,"34":3,"35":3,"36":3,"37":3,"38":3,"39":3,"40":6,"41":3,"42":39,"43":39,"44":0,"45":0,"46":0,"47":3,"48":3,"49":3,"50":3,"51":3,"52":3,"53":3,"54":3,"55":0,"56":0,"57":3,"58":0,"59":0,"60":3,"61":3,"62":3,"63":0,"64":3,"65":3,"66":3,"67":3},"f":{"0":6,"1":39,"2":0,"3":0,"4":0},"b":{"0":[39,0],"1":[0,0]},"_coverageSchema":"1a1c01bbd47fc00a2c39e90264f33305004495a9","hash":"cf48dee1a52cc25e68ae1f9af6b20de3e2d67e62"}
,"D:\\Internship\\NodeCliApp\\src\\controllers\\AdminController.js": {"path":"D:\\Internship\\NodeCliApp\\src\\controllers\\AdminController.js","statementMap":{"0":{"start":{"line":1,"column":20},"end":{"line":1,"column":54}},"1":{"start":{"line":3,"column":25},"end":{"line":13,"column":1}},"2":{"start":{"line":4,"column":16},"end":{"line":4,"column":26}},"3":{"start":{"line":5,"column":24},"end":{"line":5,"column":39}},"4":{"start":{"line":6,"column":2},"end":{"line":6,"column":46}},"5":{"start":{"line":7,"column":17},"end":{"line":9,"column":20}},"6":{"start":{"line":11,"column":2},"end":{"line":11,"column":22}},"7":{"start":{"line":12,"column":2},"end":{"line":12,"column":102}},"8":{"start":{"line":15,"column":0},"end":{"line":15,"column":34}}},"fnMap":{"0":{"name":"(anonymous_0)","decl":{"start":{"line":3,"column":25},"end":{"line":3,"column":26}},"loc":{"start":{"line":3,"column":45},"end":{"line":13,"column":1}},"line":3}},"branchMap":{},"s":{"0":3,"1":3,"2":0,"3":0,"4":0,"5":0,"6":0,"7":0,"8":3},"f":{"0":0},"b":{},"_coverageSchema":"1a1c01bbd47fc00a2c39e90264f33305004495a9","hash":"a91ccd7989b3db4a868910bf2983acbc33e15403"}
,"D:\\Internship\\NodeCliApp\\src\\controllers\\authController.js": {"path":"D:\\Internship\\NodeCliApp\\src\\controllers\\authController.js","statementMap":{"0":{"start":{"line":1,"column":14},"end":{"line":1,"column":39}},"1":{"start":{"line":2,"column":12},"end":{"line":2,"column":35}},"2":{"start":{"line":3,"column":15},"end":{"line":3,"column":38}},"3":{"start":{"line":4,"column":13},"end":{"line":4,"column":40}},"4":{"start":{"line":5,"column":30},"end":{"line":5,"column":49}},"5":{"start":{"line":6,"column":15},"end":{"line":6,"column":44}},"6":{"start":{"line":7,"column":14},"end":{"line":7,"column":42}},"7":{"start":{"line":8,"column":14},"end":{"line":8,"column":43}},"8":{"start":{"line":9,"column":15},"end":{"line":9,"column":32}},"9":{"start":{"line":10,"column":15},"end":{"line":10,"column":32}},"10":{"start":{"line":15,"column":4},"end":{"line":15,"column":48}},"11":{"start":{"line":19,"column":4},"end":{"line":19,"column":38}},"12":{"start":{"line":21,"column":16},"end":{"line":54,"column":1}},"13":{"start":{"line":22,"column":36},"end":{"line":22,"column":44}},"14":{"start":{"line":29,"column":23},"end":{"line":29,"column":52}},"15":{"start":{"line":32,"column":2},"end":{"line":36,"column":3}},"16":{"start":{"line":33,"column":4},"end":{"line":35,"column":63}},"17":{"start":{"line":38,"column":15},"end":{"line":38,"column":59}},"18":{"start":{"line":49,"column":2},"end":{"line":53,"column":5}},"19":{"start":{"line":56,"column":22},"end":{"line":73,"column":1}},"20":{"start":{"line":57,"column":15},"end":{"line":64,"column":3}},"21":{"start":{"line":66,"column":2},"end":{"line":71,"column":3}},"22":{"start":{"line":67,"column":4},"end":{"line":70,"column":7}},"23":{"start":{"line":72,"column":2},"end":{"line":72,"column":77}},"24":{"start":{"line":74,"column":19},"end":{"line":121,"column":1}},"25":{"start":{"line":75,"column":18},"end":{"line":75,"column":26}},"26":{"start":{"line":76,"column":2},"end":{"line":81,"column":3}},"27":{"start":{"line":77,"column":4},"end":{"line":80,"column":7}},"28":{"start":{"line":82,"column":13},"end":{"line":82,"column":15}},"29":{"start":{"line":83,"column":18},"end":{"line":83,"column":47}},"30":{"start":{"line":84,"column":2},"end":{"line":115,"column":5}},"31":{"start":{"line":85,"column":17},"end":{"line":85,"column":73}},"32":{"start":{"line":86,"column":4},"end":{"line":88,"column":5}},"33":{"start":{"line":87,"column":6},"end":{"line":87,"column":40}},"34":{"start":{"line":89,"column":19},"end":{"line":92,"column":5}},"35":{"start":{"line":93,"column":20},"end":{"line":93,"column":22}},"36":{"start":{"line":94,"column":4},"end":{"line":96,"column":5}},"37":{"start":{"line":95,"column":6},"end":{"line":95,"column":57}},"38":{"start":{"line":104,"column":18},"end":{"line":104,"column":78}},"39":{"start":{"line":105,"column":19},"end":{"line":105,"column":21}},"40":{"start":{"line":106,"column":4},"end":{"line":108,"column":5}},"41":{"start":{"line":107,"column":6},"end":{"line":107,"column":55}},"42":{"start":{"line":110,"column":4},"end":{"line":114,"column":6}},"43":{"start":{"line":116,"column":2},"end":{"line":120,"column":5}},"44":{"start":{"line":123,"column":18},"end":{"line":198,"column":1}},"45":{"start":{"line":124,"column":30},"end":{"line":124,"column":38}},"46":{"start":{"line":126,"column":2},"end":{"line":126,"column":31}},"47":{"start":{"line":135,"column":20},"end":{"line":135,"column":47}},"48":{"start":{"line":136,"column":2},"end":{"line":142,"column":3}},"49":{"start":{"line":137,"column":4},"end":{"line":141,"column":7}},"50":{"start":{"line":143,"column":15},"end":{"line":143,"column":44}},"51":{"start":{"line":145,"column":2},"end":{"line":152,"column":3}},"52":{"start":{"line":146,"column":21},"end":{"line":146,"column":47}},"53":{"start":{"line":147,"column":4},"end":{"line":151,"column":7}},"54":{"start":{"line":154,"column":18},"end":{"line":154,"column":54}},"55":{"start":{"line":155,"column":2},"end":{"line":162,"column":3}},"56":{"start":{"line":156,"column":21},"end":{"line":156,"column":47}},"57":{"start":{"line":157,"column":4},"end":{"line":161,"column":7}},"58":{"start":{"line":163,"column":2},"end":{"line":163,"column":29}},"59":{"start":{"line":174,"column":22},"end":{"line":174,"column":47}},"60":{"start":{"line":175,"column":23},"end":{"line":175,"column":49}},"61":{"start":{"line":177,"column":14},"end":{"line":177,"column":34}},"62":{"start":{"line":179,"column":22},"end":{"line":183,"column":3}},"63":{"start":{"line":185,"column":2},"end":{"line":185,"column":60}},"64":{"start":{"line":187,"column":2},"end":{"line":192,"column":5}},"65":{"start":{"line":193,"column":2},"end":{"line":197,"column":5}},"66":{"start":{"line":200,"column":19},"end":{"line":208,"column":1}},"67":{"start":{"line":201,"column":19},"end":{"line":206,"column":3}},"68":{"start":{"line":207,"column":2},"end":{"line":207,"column":46}},"69":{"start":{"line":210,"column":27},"end":{"line":248,"column":1}},"70":{"start":{"line":211,"column":2},"end":{"line":247,"column":3}},"71":{"start":{"line":212,"column":25},"end":{"line":212,"column":49}},"72":{"start":{"line":213,"column":4},"end":{"line":218,"column":5}},"73":{"start":{"line":214,"column":6},"end":{"line":217,"column":9}},"74":{"start":{"line":219,"column":20},"end":{"line":219,"column":69}},"75":{"start":{"line":220,"column":4},"end":{"line":225,"column":5}},"76":{"start":{"line":221,"column":6},"end":{"line":224,"column":9}},"77":{"start":{"line":227,"column":17},"end":{"line":227,"column":48}},"78":{"start":{"line":229,"column":4},"end":{"line":234,"column":5}},"79":{"start":{"line":230,"column":6},"end":{"line":233,"column":9}},"80":{"start":{"line":236,"column":24},"end":{"line":236,"column":49}},"81":{"start":{"line":238,"column":4},"end":{"line":241,"column":7}},"82":{"start":{"line":243,"column":4},"end":{"line":246,"column":7}},"83":{"start":{"line":250,"column":19},"end":{"line":271,"column":1}},"84":{"start":{"line":251,"column":23},"end":{"line":251,"column":47}},"85":{"start":{"line":253,"column":2},"end":{"line":270,"column":3}},"86":{"start":{"line":254,"column":4},"end":{"line":258,"column":6}},"87":{"start":{"line":260,"column":4},"end":{"line":264,"column":7}},"88":{"start":{"line":266,"column":4},"end":{"line":269,"column":7}},"89":{"start":{"line":273,"column":23},"end":{"line":303,"column":1}},"90":{"start":{"line":274,"column":20},"end":{"line":274,"column":28}},"91":{"start":{"line":276,"column":15},"end":{"line":276,"column":44}},"92":{"start":{"line":277,"column":2},"end":{"line":282,"column":3}},"93":{"start":{"line":278,"column":4},"end":{"line":281,"column":7}},"94":{"start":{"line":284,"column":21},"end":{"line":284,"column":59}},"95":{"start":{"line":285,"column":23},"end":{"line":285,"column":60}},"96":{"start":{"line":286,"column":22},"end":{"line":289,"column":18}},"97":{"start":{"line":291,"column":2},"end":{"line":291,"column":40}},"98":{"start":{"line":292,"column":2},"end":{"line":292,"column":43}},"99":{"start":{"line":293,"column":2},"end":{"line":293,"column":20}},"100":{"start":{"line":295,"column":20},"end":{"line":295,"column":72}},"101":{"start":{"line":296,"column":2},"end":{"line":296,"column":38}},"102":{"start":{"line":297,"column":2},"end":{"line":297,"column":25}},"103":{"start":{"line":299,"column":2},"end":{"line":302,"column":5}},"104":{"start":{"line":305,"column":22},"end":{"line":335,"column":1}},"105":{"start":{"line":306,"column":20},"end":{"line":306,"column":30}},"106":{"start":{"line":307,"column":26},"end":{"line":307,"column":34}},"107":{"start":{"line":309,"column":22},"end":{"line":309,"column":77}},"108":{"start":{"line":311,"column":15},"end":{"line":314,"column":4}},"109":{"start":{"line":316,"column":2},"end":{"line":321,"column":3}},"110":{"start":{"line":317,"column":4},"end":{"line":320,"column":7}},"111":{"start":{"line":323,"column":2},"end":{"line":323,"column":30}},"112":{"start":{"line":324,"column":2},"end":{"line":324,"column":33}},"113":{"start":{"line":325,"column":2},"end":{"line":325,"column":35}},"114":{"start":{"line":326,"column":2},"end":{"line":326,"column":20}},"115":{"start":{"line":328,"column":14},"end":{"line":328,"column":34}},"116":{"start":{"line":329,"column":2},"end":{"line":329,"column":23}},"117":{"start":{"line":331,"column":2},"end":{"line":334,"column":5}},"118":{"start":{"line":337,"column":23},"end":{"line":379,"column":1}},"119":{"start":{"line":338,"column":43},"end":{"line":338,"column":51}},"120":{"start":{"line":345,"column":2},"end":{"line":345,"column":24}},"121":{"start":{"line":347,"column":15},"end":{"line":347,"column":48}},"122":{"start":{"line":349,"column":2},"end":{"line":354,"column":3}},"123":{"start":{"line":350,"column":4},"end":{"line":353,"column":7}},"124":{"start":{"line":356,"column":18},"end":{"line":356,"column":61}},"125":{"start":{"line":357,"column":2},"end":{"line":362,"column":3}},"126":{"start":{"line":358,"column":4},"end":{"line":361,"column":7}},"127":{"start":{"line":372,"column":2},"end":{"line":372,"column":30}},"128":{"start":{"line":373,"column":2},"end":{"line":373,"column":20}},"129":{"start":{"line":374,"column":2},"end":{"line":374,"column":40}},"130":{"start":{"line":375,"column":2},"end":{"line":378,"column":5}},"131":{"start":{"line":380,"column":0},"end":{"line":391,"column":2}}},"fnMap":{"0":{"name":"(anonymous_0)","decl":{"start":{"line":21,"column":16},"end":{"line":21,"column":17}},"loc":{"start":{"line":21,"column":36},"end":{"line":54,"column":1}},"line":21},"1":{"name":"(anonymous_1)","decl":{"start":{"line":56,"column":22},"end":{"line":56,"column":23}},"loc":{"start":{"line":56,"column":42},"end":{"line":73,"column":1}},"line":56},"2":{"name":"(anonymous_2)","decl":{"start":{"line":74,"column":19},"end":{"line":74,"column":20}},"loc":{"start":{"line":74,"column":39},"end":{"line":121,"column":1}},"line":74},"3":{"name":"(anonymous_3)","decl":{"start":{"line":84,"column":32},"end":{"line":84,"column":33}},"loc":{"start":{"line":84,"column":44},"end":{"line":115,"column":3}},"line":84},"4":{"name":"(anonymous_4)","decl":{"start":{"line":123,"column":18},"end":{"line":123,"column":19}},"loc":{"start":{"line":123,"column":38},"end":{"line":198,"column":1}},"line":123},"5":{"name":"(anonymous_5)","decl":{"start":{"line":200,"column":19},"end":{"line":200,"column":20}},"loc":{"start":{"line":200,"column":39},"end":{"line":208,"column":1}},"line":200},"6":{"name":"(anonymous_6)","decl":{"start":{"line":210,"column":27},"end":{"line":210,"column":28}},"loc":{"start":{"line":210,"column":47},"end":{"line":248,"column":1}},"line":210},"7":{"name":"(anonymous_7)","decl":{"start":{"line":250,"column":19},"end":{"line":250,"column":20}},"loc":{"start":{"line":250,"column":39},"end":{"line":271,"column":1}},"line":250},"8":{"name":"(anonymous_8)","decl":{"start":{"line":273,"column":23},"end":{"line":273,"column":24}},"loc":{"start":{"line":273,"column":43},"end":{"line":303,"column":1}},"line":273},"9":{"name":"(anonymous_9)","decl":{"start":{"line":305,"column":22},"end":{"line":305,"column":23}},"loc":{"start":{"line":305,"column":42},"end":{"line":335,"column":1}},"line":305},"10":{"name":"(anonymous_10)","decl":{"start":{"line":337,"column":23},"end":{"line":337,"column":24}},"loc":{"start":{"line":337,"column":43},"end":{"line":379,"column":1}},"line":337}},"branchMap":{"0":{"loc":{"start":{"line":32,"column":2},"end":{"line":36,"column":3}},"type":"if","locations":[{"start":{"line":32,"column":2},"end":{"line":36,"column":3}},{"start":{},"end":{}}],"line":32},"1":{"loc":{"start":{"line":66,"column":2},"end":{"line":71,"column":3}},"type":"if","locations":[{"start":{"line":66,"column":2},"end":{"line":71,"column":3}},{"start":{},"end":{}}],"line":66},"2":{"loc":{"start":{"line":76,"column":2},"end":{"line":81,"column":3}},"type":"if","locations":[{"start":{"line":76,"column":2},"end":{"line":81,"column":3}},{"start":{},"end":{}}],"line":76},"3":{"loc":{"start":{"line":86,"column":4},"end":{"line":88,"column":5}},"type":"if","locations":[{"start":{"line":86,"column":4},"end":{"line":88,"column":5}},{"start":{},"end":{}}],"line":86},"4":{"loc":{"start":{"line":94,"column":4},"end":{"line":96,"column":5}},"type":"if","locations":[{"start":{"line":94,"column":4},"end":{"line":96,"column":5}},{"start":{},"end":{}}],"line":94},"5":{"loc":{"start":{"line":106,"column":4},"end":{"line":108,"column":5}},"type":"if","locations":[{"start":{"line":106,"column":4},"end":{"line":108,"column":5}},{"start":{},"end":{}}],"line":106},"6":{"loc":{"start":{"line":112,"column":14},"end":{"line":112,"column":41}},"type":"cond-expr","locations":[{"start":{"line":112,"column":23},"end":{"line":112,"column":29}},{"start":{"line":112,"column":32},"end":{"line":112,"column":41}}],"line":112},"7":{"loc":{"start":{"line":113,"column":13},"end":{"line":113,"column":37}},"type":"cond-expr","locations":[{"start":{"line":113,"column":21},"end":{"line":113,"column":26}},{"start":{"line":113,"column":29},"end":{"line":113,"column":37}}],"line":113},"8":{"loc":{"start":{"line":136,"column":2},"end":{"line":142,"column":3}},"type":"if","locations":[{"start":{"line":136,"column":2},"end":{"line":142,"column":3}},{"start":{},"end":{}}],"line":136},"9":{"loc":{"start":{"line":145,"column":2},"end":{"line":152,"column":3}},"type":"if","locations":[{"start":{"line":145,"column":2},"end":{"line":152,"column":3}},{"start":{},"end":{}}],"line":145},"10":{"loc":{"start":{"line":155,"column":2},"end":{"line":162,"column":3}},"type":"if","locations":[{"start":{"line":155,"column":2},"end":{"line":162,"column":3}},{"start":{},"end":{}}],"line":155},"11":{"loc":{"start":{"line":213,"column":4},"end":{"line":218,"column":5}},"type":"if","locations":[{"start":{"line":213,"column":4},"end":{"line":218,"column":5}},{"start":{},"end":{}}],"line":213},"12":{"loc":{"start":{"line":220,"column":4},"end":{"line":225,"column":5}},"type":"if","locations":[{"start":{"line":220,"column":4},"end":{"line":225,"column":5}},{"start":{},"end":{}}],"line":220},"13":{"loc":{"start":{"line":229,"column":4},"end":{"line":234,"column":5}},"type":"if","locations":[{"start":{"line":229,"column":4},"end":{"line":234,"column":5}},{"start":{},"end":{}}],"line":229},"14":{"loc":{"start":{"line":253,"column":2},"end":{"line":270,"column":3}},"type":"if","locations":[{"start":{"line":253,"column":2},"end":{"line":270,"column":3}},{"start":{},"end":{}}],"line":253},"15":{"loc":{"start":{"line":277,"column":2},"end":{"line":282,"column":3}},"type":"if","locations":[{"start":{"line":277,"column":2},"end":{"line":282,"column":3}},{"start":{},"end":{}}],"line":277},"16":{"loc":{"start":{"line":316,"column":2},"end":{"line":321,"column":3}},"type":"if","locations":[{"start":{"line":316,"column":2},"end":{"line":321,"column":3}},{"start":{},"end":{}}],"line":316},"17":{"loc":{"start":{"line":349,"column":2},"end":{"line":354,"column":3}},"type":"if","locations":[{"start":{"line":349,"column":2},"end":{"line":354,"column":3}},{"start":{},"end":{}}],"line":349},"18":{"loc":{"start":{"line":357,"column":2},"end":{"line":362,"column":3}},"type":"if","locations":[{"start":{"line":357,"column":2},"end":{"line":362,"column":3}},{"start":{},"end":{}}],"line":357}},"s":{"0":3,"1":3,"2":3,"3":3,"4":3,"5":3,"6":3,"7":3,"8":3,"9":3,"10":3,"11":3,"12":3,"13":6,"14":6,"15":6,"16":1,"17":5,"18":5,"19":3,"20":0,"21":0,"22":0,"23":0,"24":3,"25":0,"26":0,"27":0,"28":0,"29":0,"30":0,"31":0,"32":0,"33":0,"34":0,"35":0,"36":0,"37":0,"38":0,"39":0,"40":0,"41":0,"42":0,"43":0,"44":3,"45":15,"46":15,"47":15,"48":15,"49":0,"50":15,"51":15,"52":1,"53":1,"54":14,"55":14,"56":1,"57":1,"58":13,"59":13,"60":13,"61":13,"62":13,"63":13,"64":13,"65":13,"66":3,"67":1,"68":1,"69":3,"70":0,"71":0,"72":0,"73":0,"74":0,"75":0,"76":0,"77":0,"78":0,"79":0,"80":0,"81":0,"82":0,"83":3,"84":0,"85":0,"86":0,"87":0,"88":0,"89":3,"90":0,"91":0,"92":0,"93":0,"94":0,"95":0,"96":0,"97":0,"98":0,"99":0,"100":0,"101":0,"102":0,"103":0,"104":3,"105":0,"106":0,"107":0,"108":0,"109":0,"110":0,"111":0,"112":0,"113":0,"114":0,"115":0,"116":0,"117":0,"118":3,"119":0,"120":0,"121":0,"122":0,"123":0,"124":0,"125":0,"126":0,"127":0,"128":0,"129":0,"130":0,"131":3},"f":{"0":6,"1":0,"2":0,"3":0,"4":15,"5":1,"6":0,"7":0,"8":0,"9":0,"10":0},"b":{"0":[1,5],"1":[0,0],"2":[0,0],"3":[0,0],"4":[0,0],"5":[0,0],"6":[0,0],"7":[0,0],"8":[0,15],"9":[1,14],"10":[1,13],"11":[0,0],"12":[0,0],"13":[0,0],"14":[0,0],"15":[0,0],"16":[0,0],"17":[0,0],"18":[0,0]},"_coverageSchema":"1a1c01bbd47fc00a2c39e90264f33305004495a9","hash":"e642d1c4c854d84dba76e2ff51fbac011d2ee0f1"}
,"D:\\Internship\\NodeCliApp\\src\\controllers\\cacheController.js": {"path":"D:\\Internship\\NodeCliApp\\src\\controllers\\cacheController.js","statementMap":{"0":{"start":{"line":1,"column":14},"end":{"line":1,"column":43}},"1":{"start":{"line":3,"column":22},"end":{"line":21,"column":1}},"2":{"start":{"line":4,"column":15},"end":{"line":4,"column":36}},"3":{"start":{"line":5,"column":15},"end":{"line":5,"column":17}},"4":{"start":{"line":7,"column":2},"end":{"line":16,"column":3}},"5":{"start":{"line":8,"column":16},"end":{"line":8,"column":36}},"6":{"start":{"line":10,"column":4},"end":{"line":15,"column":5}},"7":{"start":{"line":11,"column":6},"end":{"line":14,"column":9}},"8":{"start":{"line":18,"column":2},"end":{"line":20,"column":68}},"9":{"start":{"line":23,"column":0},"end":{"line":23,"column":35}}},"fnMap":{"0":{"name":"(anonymous_0)","decl":{"start":{"line":3,"column":22},"end":{"line":3,"column":23}},"loc":{"start":{"line":3,"column":42},"end":{"line":21,"column":1}},"line":3}},"branchMap":{"0":{"loc":{"start":{"line":10,"column":4},"end":{"line":15,"column":5}},"type":"if","locations":[{"start":{"line":10,"column":4},"end":{"line":15,"column":5}},{"start":{},"end":{}}],"line":10}},"s":{"0":3,"1":3,"2":0,"3":0,"4":0,"5":0,"6":0,"7":0,"8":0,"9":3},"f":{"0":0},"b":{"0":[0,0]},"_coverageSchema":"1a1c01bbd47fc00a2c39e90264f33305004495a9","hash":"d3062f2ac8a3a0c52504933a17f77ee5f9a56dd9"}
,"D:\\Internship\\NodeCliApp\\src\\controllers\\orderController.js": {"path":"D:\\Internship\\NodeCliApp\\src\\controllers\\orderController.js","statementMap":{"0":{"start":{"line":1,"column":30},"end":{"line":1,"column":49}},"1":{"start":{"line":2,"column":16},"end":{"line":2,"column":46}},"2":{"start":{"line":3,"column":14},"end":{"line":3,"column":42}},"3":{"start":{"line":4,"column":21},"end":{"line":4,"column":49}},"4":{"start":{"line":89,"column":19},"end":{"line":165,"column":1}},"5":{"start":{"line":90,"column":16},"end":{"line":94,"column":4}},"6":{"start":{"line":96,"column":2},"end":{"line":157,"column":5}},"7":{"start":{"line":160,"column":2},"end":{"line":164,"column":5}},"8":{"start":{"line":167,"column":0},"end":{"line":167,"column":28}}},"fnMap":{"0":{"name":"(anonymous_0)","decl":{"start":{"line":89,"column":19},"end":{"line":89,"column":20}},"loc":{"start":{"line":89,"column":39},"end":{"line":165,"column":1}},"line":89}},"branchMap":{},"s":{"0":4,"1":4,"2":4,"3":4,"4":4,"5":1,"6":1,"7":1,"8":4},"f":{"0":1},"b":{},"_coverageSchema":"1a1c01bbd47fc00a2c39e90264f33305004495a9","hash":"39d4c6fc344a5aa566f12dca35e7a70a95dcbe90"}
,"D:\\Internship\\NodeCliApp\\src\\controllers\\productController.js": {"path":"D:\\Internship\\NodeCliApp\\src\\controllers\\productController.js","statementMap":{"0":{"start":{"line":1,"column":30},"end":{"line":1,"column":49}},"1":{"start":{"line":2,"column":16},"end":{"line":2,"column":46}},"2":{"start":{"line":3,"column":21},"end":{"line":3,"column":53}},"3":{"start":{"line":4,"column":15},"end":{"line":4,"column":44}},"4":{"start":{"line":5,"column":14},"end":{"line":5,"column":43}},"5":{"start":{"line":15,"column":19},"end":{"line":26,"column":1}},"6":{"start":{"line":16,"column":17},"end":{"line":16,"column":27}},"7":{"start":{"line":17,"column":15},"end":{"line":17,"column":23}},"8":{"start":{"line":18,"column":2},"end":{"line":18,"column":24}},"9":{"start":{"line":19,"column":2},"end":{"line":24,"column":5}},"10":{"start":{"line":25,"column":2},"end":{"line":25,"column":75}},"11":{"start":{"line":28,"column":25},"end":{"line":79,"column":1}},"12":{"start":{"line":29,"column":20},"end":{"line":72,"column":4}},"13":{"start":{"line":74,"column":2},"end":{"line":78,"column":5}},"14":{"start":{"line":81,"column":18},"end":{"line":95,"column":1}},"15":{"start":{"line":82,"column":17},"end":{"line":82,"column":27}},"16":{"start":{"line":83,"column":2},"end":{"line":83,"column":33}},"17":{"start":{"line":85,"column":17},"end":{"line":88,"column":3}},"18":{"start":{"line":90,"column":2},"end":{"line":94,"column":3}},"19":{"start":{"line":91,"column":4},"end":{"line":93,"column":70}},"20":{"start":{"line":97,"column":21},"end":{"line":114,"column":1}},"21":{"start":{"line":98,"column":17},"end":{"line":98,"column":53}},"22":{"start":{"line":99,"column":2},"end":{"line":99,"column":27}},"23":{"start":{"line":101,"column":2},"end":{"line":105,"column":3}},"24":{"start":{"line":102,"column":4},"end":{"line":104,"column":73}},"25":{"start":{"line":106,"column":24},"end":{"line":106,"column":69}},"26":{"start":{"line":109,"column":2},"end":{"line":113,"column":5}},"27":{"start":{"line":116,"column":20},"end":{"line":130,"column":1}},"28":{"start":{"line":120,"column":18},"end":{"line":120,"column":61}},"29":{"start":{"line":121,"column":10},"end":{"line":121,"column":65}},"30":{"start":{"line":123,"column":2},"end":{"line":128,"column":3}},"31":{"start":{"line":125,"column":4},"end":{"line":127,"column":67}},"32":{"start":{"line":129,"column":2},"end":{"line":129,"column":80}},"33":{"start":{"line":132,"column":19},"end":{"line":150,"column":1}},"34":{"start":{"line":136,"column":10},"end":{"line":136,"column":47}},"35":{"start":{"line":137,"column":2},"end":{"line":149,"column":3}},"36":{"start":{"line":138,"column":4},"end":{"line":141,"column":7}},"37":{"start":{"line":144,"column":4},"end":{"line":148,"column":7}},"38":{"start":{"line":152,"column":22},"end":{"line":175,"column":1}},"39":{"start":{"line":153,"column":17},"end":{"line":153,"column":27}},"40":{"start":{"line":154,"column":20},"end":{"line":154,"column":46}},"41":{"start":{"line":155,"column":12},"end":{"line":158,"column":4}},"42":{"start":{"line":159,"column":2},"end":{"line":164,"column":3}},"43":{"start":{"line":160,"column":4},"end":{"line":163,"column":7}},"44":{"start":{"line":166,"column":2},"end":{"line":166,"column":29}},"45":{"start":{"line":167,"column":13},"end":{"line":167,"column":43}},"46":{"start":{"line":168,"column":2},"end":{"line":170,"column":3}},"47":{"start":{"line":169,"column":4},"end":{"line":169,"column":28}},"48":{"start":{"line":171,"column":2},"end":{"line":171,"column":30}},"49":{"start":{"line":172,"column":2},"end":{"line":174,"column":66}},"50":{"start":{"line":177,"column":22},"end":{"line":191,"column":1}},"51":{"start":{"line":178,"column":15},"end":{"line":178,"column":23}},"52":{"start":{"line":187,"column":10},"end":{"line":187,"column":36}},"53":{"start":{"line":188,"column":2},"end":{"line":190,"column":74}},"54":{"start":{"line":193,"column":22},"end":{"line":207,"column":1}},"55":{"start":{"line":194,"column":17},"end":{"line":194,"column":27}},"56":{"start":{"line":198,"column":12},"end":{"line":198,"column":47}},"57":{"start":{"line":199,"column":2},"end":{"line":199,"column":17}},"58":{"start":{"line":200,"column":2},"end":{"line":205,"column":3}},"59":{"start":{"line":201,"column":4},"end":{"line":204,"column":7}},"60":{"start":{"line":206,"column":2},"end":{"line":206,"column":80}},"61":{"start":{"line":209,"column":0},"end":{"line":219,"column":2}}},"fnMap":{"0":{"name":"(anonymous_0)","decl":{"start":{"line":15,"column":19},"end":{"line":15,"column":20}},"loc":{"start":{"line":15,"column":39},"end":{"line":26,"column":1}},"line":15},"1":{"name":"(anonymous_1)","decl":{"start":{"line":28,"column":25},"end":{"line":28,"column":26}},"loc":{"start":{"line":28,"column":45},"end":{"line":79,"column":1}},"line":28},"2":{"name":"(anonymous_2)","decl":{"start":{"line":81,"column":18},"end":{"line":81,"column":19}},"loc":{"start":{"line":81,"column":38},"end":{"line":95,"column":1}},"line":81},"3":{"name":"(anonymous_3)","decl":{"start":{"line":97,"column":21},"end":{"line":97,"column":22}},"loc":{"start":{"line":97,"column":41},"end":{"line":114,"column":1}},"line":97},"4":{"name":"(anonymous_4)","decl":{"start":{"line":116,"column":20},"end":{"line":116,"column":21}},"loc":{"start":{"line":116,"column":40},"end":{"line":130,"column":1}},"line":116},"5":{"name":"(anonymous_5)","decl":{"start":{"line":132,"column":19},"end":{"line":132,"column":20}},"loc":{"start":{"line":132,"column":39},"end":{"line":150,"column":1}},"line":132},"6":{"name":"(anonymous_6)","decl":{"start":{"line":152,"column":22},"end":{"line":152,"column":23}},"loc":{"start":{"line":152,"column":42},"end":{"line":175,"column":1}},"line":152},"7":{"name":"(anonymous_7)","decl":{"start":{"line":177,"column":22},"end":{"line":177,"column":23}},"loc":{"start":{"line":177,"column":42},"end":{"line":191,"column":1}},"line":177},"8":{"name":"(anonymous_8)","decl":{"start":{"line":193,"column":22},"end":{"line":193,"column":23}},"loc":{"start":{"line":193,"column":42},"end":{"line":207,"column":1}},"line":193}},"branchMap":{"0":{"loc":{"start":{"line":77,"column":10},"end":{"line":77,"column":41}},"type":"binary-expr","locations":[{"start":{"line":77,"column":10},"end":{"line":77,"column":17}},{"start":{"line":77,"column":21},"end":{"line":77,"column":41}}],"line":77},"1":{"loc":{"start":{"line":90,"column":2},"end":{"line":94,"column":3}},"type":"if","locations":[{"start":{"line":90,"column":2},"end":{"line":94,"column":3}},{"start":{},"end":{}}],"line":90},"2":{"loc":{"start":{"line":101,"column":2},"end":{"line":105,"column":3}},"type":"if","locations":[{"start":{"line":101,"column":2},"end":{"line":105,"column":3}},{"start":{},"end":{}}],"line":101},"3":{"loc":{"start":{"line":101,"column":6},"end":{"line":101,"column":73}},"type":"binary-expr","locations":[{"start":{"line":101,"column":6},"end":{"line":101,"column":44}},{"start":{"line":101,"column":48},"end":{"line":101,"column":73}}],"line":101},"4":{"loc":{"start":{"line":123,"column":2},"end":{"line":128,"column":3}},"type":"if","locations":[{"start":{"line":123,"column":2},"end":{"line":128,"column":3}},{"start":{},"end":{}}],"line":123},"5":{"loc":{"start":{"line":137,"column":2},"end":{"line":149,"column":3}},"type":"if","locations":[{"start":{"line":137,"column":2},"end":{"line":149,"column":3}},{"start":{"line":142,"column":9},"end":{"line":149,"column":3}}],"line":137},"6":{"loc":{"start":{"line":159,"column":2},"end":{"line":164,"column":3}},"type":"if","locations":[{"start":{"line":159,"column":2},"end":{"line":164,"column":3}},{"start":{},"end":{}}],"line":159},"7":{"loc":{"start":{"line":168,"column":2},"end":{"line":170,"column":3}},"type":"if","locations":[{"start":{"line":168,"column":2},"end":{"line":170,"column":3}},{"start":{},"end":{}}],"line":168},"8":{"loc":{"start":{"line":200,"column":2},"end":{"line":205,"column":3}},"type":"if","locations":[{"start":{"line":200,"column":2},"end":{"line":205,"column":3}},{"start":{},"end":{}}],"line":200}},"s":{"0":3,"1":3,"2":3,"3":3,"4":3,"5":3,"6":0,"7":0,"8":0,"9":0,"10":0,"11":3,"12":0,"13":0,"14":3,"15":0,"16":0,"17":0,"18":0,"19":0,"20":3,"21":0,"22":0,"23":0,"24":0,"25":0,"26":0,"27":3,"28":0,"29":0,"30":0,"31":0,"32":0,"33":3,"34":1,"35":1,"36":0,"37":1,"38":3,"39":1,"40":1,"41":1,"42":1,"43":0,"44":1,"45":1,"46":1,"47":0,"48":1,"49":1,"50":3,"51":5,"52":5,"53":5,"54":3,"55":0,"56":0,"57":0,"58":0,"59":0,"60":0,"61":3},"f":{"0":0,"1":0,"2":0,"3":0,"4":0,"5":1,"6":1,"7":5,"8":0},"b":{"0":[0,0],"1":[0,0],"2":[0,0],"3":[0,0],"4":[0,0],"5":[0,1],"6":[0,1],"7":[0,1],"8":[0,0]},"_coverageSchema":"1a1c01bbd47fc00a2c39e90264f33305004495a9","hash":"dbc40c6199d2c7658dad30ec2bea06f33770122e"}
,"D:\\Internship\\NodeCliApp\\src\\controllers\\stripeController.js": {"path":"D:\\Internship\\NodeCliApp\\src\\controllers\\stripeController.js","statementMap":{"0":{"start":{"line":1,"column":15},"end":{"line":1,"column":38}},"1":{"start":{"line":2,"column":15},"end":{"line":2,"column":45}},"2":{"start":{"line":4,"column":24},"end":{"line":7,"column":1}},"3":{"start":{"line":5,"column":12},"end":{"line":5,"column":40}},"4":{"start":{"line":6,"column":2},"end":{"line":6,"column":14}},"5":{"start":{"line":9,"column":27},"end":{"line":69,"column":1}},"6":{"start":{"line":10,"column":19},"end":{"line":10,"column":27}},"7":{"start":{"line":11,"column":15},"end":{"line":11,"column":23}},"8":{"start":{"line":12,"column":2},"end":{"line":14,"column":3}},"9":{"start":{"line":13,"column":4},"end":{"line":13,"column":79}},"10":{"start":{"line":15,"column":2},"end":{"line":22,"column":3}},"11":{"start":{"line":16,"column":21},"end":{"line":19,"column":6}},"12":{"start":{"line":20,"column":4},"end":{"line":20,"column":40}},"13":{"start":{"line":21,"column":4},"end":{"line":21,"column":22}},"14":{"start":{"line":24,"column":23},"end":{"line":27,"column":4}},"15":{"start":{"line":29,"column":2},"end":{"line":35,"column":3}},"16":{"start":{"line":30,"column":4},"end":{"line":34,"column":7}},"17":{"start":{"line":37,"column":23},"end":{"line":40,"column":4}},"18":{"start":{"line":43,"column":2},"end":{"line":45,"column":3}},"19":{"start":{"line":44,"column":4},"end":{"line":44,"column":46}},"20":{"start":{"line":47,"column":26},"end":{"line":59,"column":4}},"21":{"start":{"line":62,"column":4},"end":{"line":62,"column":68}},"22":{"start":{"line":64,"column":2},"end":{"line":68,"column":5}},"23":{"start":{"line":71,"column":23},"end":{"line":82,"column":1}},"24":{"start":{"line":72,"column":15},"end":{"line":76,"column":3}},"25":{"start":{"line":77,"column":2},"end":{"line":81,"column":5}},"26":{"start":{"line":84,"column":27},"end":{"line":110,"column":1}},"27":{"start":{"line":85,"column":15},"end":{"line":85,"column":23}},"28":{"start":{"line":86,"column":2},"end":{"line":94,"column":3}},"29":{"start":{"line":90,"column":4},"end":{"line":93,"column":7}},"30":{"start":{"line":95,"column":15},"end":{"line":100,"column":3}},"31":{"start":{"line":101,"column":2},"end":{"line":109,"column":5}},"32":{"start":{"line":112,"column":23},"end":{"line":160,"column":1}},"33":{"start":{"line":113,"column":15},"end":{"line":113,"column":23}},"34":{"start":{"line":114,"column":2},"end":{"line":119,"column":3}},"35":{"start":{"line":115,"column":4},"end":{"line":118,"column":7}},"36":{"start":{"line":121,"column":16},"end":{"line":121,"column":60}},"37":{"start":{"line":122,"column":17},"end":{"line":125,"column":3}},"38":{"start":{"line":126,"column":2},"end":{"line":128,"column":3}},"39":{"start":{"line":127,"column":4},"end":{"line":127,"column":53}},"40":{"start":{"line":129,"column":18},"end":{"line":129,"column":52}},"41":{"start":{"line":130,"column":19},"end":{"line":134,"column":20}},"42":{"start":{"line":135,"column":19},"end":{"line":147,"column":5}},"43":{"start":{"line":135,"column":50},"end":{"line":147,"column":3}},"44":{"start":{"line":149,"column":2},"end":{"line":159,"column":5}},"45":{"start":{"line":162,"column":19},"end":{"line":231,"column":1}},"46":{"start":{"line":163,"column":2},"end":{"line":168,"column":3}},"47":{"start":{"line":164,"column":4},"end":{"line":167,"column":7}},"48":{"start":{"line":170,"column":24},"end":{"line":173,"column":4}},"49":{"start":{"line":175,"column":12},"end":{"line":175,"column":13}},"50":{"start":{"line":177,"column":2},"end":{"line":186,"column":3}},"51":{"start":{"line":178,"column":17},"end":{"line":178,"column":43}},"52":{"start":{"line":180,"column":4},"end":{"line":180,"column":24}},"53":{"start":{"line":180,"column":15},"end":{"line":180,"column":24}},"54":{"start":{"line":182,"column":19},"end":{"line":182,"column":46}},"55":{"start":{"line":185,"column":4},"end":{"line":185,"column":41}},"56":{"start":{"line":189,"column":14},"end":{"line":189,"column":24}},"57":{"start":{"line":191,"column":23},"end":{"line":191,"column":69}},"58":{"start":{"line":193,"column":25},"end":{"line":193,"column":66}},"59":{"start":{"line":196,"column":18},"end":{"line":201,"column":4}},"60":{"start":{"line":203,"column":30},"end":{"line":203,"column":31}},"61":{"start":{"line":205,"column":2},"end":{"line":209,"column":3}},"62":{"start":{"line":206,"column":4},"end":{"line":208,"column":5}},"63":{"start":{"line":207,"column":6},"end":{"line":207,"column":45}},"64":{"start":{"line":212,"column":25},"end":{"line":217,"column":4}},"65":{"start":{"line":219,"column":30},"end":{"line":221,"column":10}},"66":{"start":{"line":220,"column":17},"end":{"line":220,"column":61}},"67":{"start":{"line":223,"column":2},"end":{"line":230,"column":5}},"68":{"start":{"line":233,"column":0},"end":{"line":240,"column":2}}},"fnMap":{"0":{"name":"(anonymous_0)","decl":{"start":{"line":4,"column":24},"end":{"line":4,"column":25}},"loc":{"start":{"line":4,"column":44},"end":{"line":7,"column":1}},"line":4},"1":{"name":"(anonymous_1)","decl":{"start":{"line":9,"column":27},"end":{"line":9,"column":28}},"loc":{"start":{"line":9,"column":47},"end":{"line":69,"column":1}},"line":9},"2":{"name":"(anonymous_2)","decl":{"start":{"line":71,"column":23},"end":{"line":71,"column":24}},"loc":{"start":{"line":71,"column":43},"end":{"line":82,"column":1}},"line":71},"3":{"name":"(anonymous_3)","decl":{"start":{"line":84,"column":27},"end":{"line":84,"column":28}},"loc":{"start":{"line":84,"column":47},"end":{"line":110,"column":1}},"line":84},"4":{"name":"(anonymous_4)","decl":{"start":{"line":112,"column":23},"end":{"line":112,"column":24}},"loc":{"start":{"line":112,"column":43},"end":{"line":160,"column":1}},"line":112},"5":{"name":"(anonymous_5)","decl":{"start":{"line":135,"column":36},"end":{"line":135,"column":37}},"loc":{"start":{"line":135,"column":50},"end":{"line":147,"column":3}},"line":135},"6":{"name":"(anonymous_6)","decl":{"start":{"line":162,"column":19},"end":{"line":162,"column":20}},"loc":{"start":{"line":162,"column":39},"end":{"line":231,"column":1}},"line":162},"7":{"name":"(anonymous_7)","decl":{"start":{"line":220,"column":4},"end":{"line":220,"column":5}},"loc":{"start":{"line":220,"column":17},"end":{"line":220,"column":61}},"line":220}},"branchMap":{"0":{"loc":{"start":{"line":12,"column":2},"end":{"line":14,"column":3}},"type":"if","locations":[{"start":{"line":12,"column":2},"end":{"line":14,"column":3}},{"start":{},"end":{}}],"line":12},"1":{"loc":{"start":{"line":15,"column":2},"end":{"line":22,"column":3}},"type":"if","locations":[{"start":{"line":15,"column":2},"end":{"line":22,"column":3}},{"start":{},"end":{}}],"line":15},"2":{"loc":{"start":{"line":29,"column":2},"end":{"line":35,"column":3}},"type":"if","locations":[{"start":{"line":29,"column":2},"end":{"line":35,"column":3}},{"start":{},"end":{}}],"line":29},"3":{"loc":{"start":{"line":51,"column":15},"end":{"line":51,"column":79}},"type":"cond-expr","locations":[{"start":{"line":51,"column":34},"end":{"line":51,"column":56}},{"start":{"line":51,"column":59},"end":{"line":51,"column":79}}],"line":51},"4":{"loc":{"start":{"line":86,"column":2},"end":{"line":94,"column":3}},"type":"if","locations":[{"start":{"line":86,"column":2},"end":{"line":94,"column":3}},{"start":{},"end":{}}],"line":86},"5":{"loc":{"start":{"line":87,"column":4},"end":{"line":88,"column":37}},"type":"binary-expr","locations":[{"start":{"line":87,"column":4},"end":{"line":87,"column":44}},{"start":{"line":88,"column":4},"end":{"line":88,"column":37}}],"line":87},"6":{"loc":{"start":{"line":114,"column":2},"end":{"line":119,"column":3}},"type":"if","locations":[{"start":{"line":114,"column":2},"end":{"line":119,"column":3}},{"start":{},"end":{}}],"line":114},"7":{"loc":{"start":{"line":121,"column":25},"end":{"line":121,"column":54}},"type":"binary-expr","locations":[{"start":{"line":121,"column":25},"end":{"line":121,"column":48}},{"start":{"line":121,"column":52},"end":{"line":121,"column":54}}],"line":121},"8":{"loc":{"start":{"line":126,"column":2},"end":{"line":128,"column":3}},"type":"if","locations":[{"start":{"line":126,"column":2},"end":{"line":128,"column":3}},{"start":{},"end":{}}],"line":126},"9":{"loc":{"start":{"line":130,"column":19},"end":{"line":134,"column":20}},"type":"cond-expr","locations":[{"start":{"line":131,"column":6},"end":{"line":133,"column":13}},{"start":{"line":134,"column":6},"end":{"line":134,"column":20}}],"line":130},"10":{"loc":{"start":{"line":155,"column":18},"end":{"line":157,"column":14}},"type":"cond-expr","locations":[{"start":{"line":156,"column":10},"end":{"line":156,"column":51}},{"start":{"line":157,"column":10},"end":{"line":157,"column":14}}],"line":155},"11":{"loc":{"start":{"line":163,"column":2},"end":{"line":168,"column":3}},"type":"if","locations":[{"start":{"line":163,"column":2},"end":{"line":168,"column":3}},{"start":{},"end":{}}],"line":163},"12":{"loc":{"start":{"line":180,"column":4},"end":{"line":180,"column":24}},"type":"if","locations":[{"start":{"line":180,"column":4},"end":{"line":180,"column":24}},{"start":{},"end":{}}],"line":180},"13":{"loc":{"start":{"line":182,"column":19},"end":{"line":182,"column":46}},"type":"binary-expr","locations":[{"start":{"line":182,"column":19},"end":{"line":182,"column":41}},{"start":{"line":182,"column":45},"end":{"line":182,"column":46}}],"line":182},"14":{"loc":{"start":{"line":185,"column":21},"end":{"line":185,"column":39}},"type":"binary-expr","locations":[{"start":{"line":185,"column":21},"end":{"line":185,"column":34}},{"start":{"line":185,"column":38},"end":{"line":185,"column":39}}],"line":185},"15":{"loc":{"start":{"line":206,"column":4},"end":{"line":208,"column":5}},"type":"if","locations":[{"start":{"line":206,"column":4},"end":{"line":208,"column":5}},{"start":{},"end":{}}],"line":206},"16":{"loc":{"start":{"line":206,"column":8},"end":{"line":206,"column":39}},"type":"binary-expr","locations":[{"start":{"line":206,"column":8},"end":{"line":206,"column":19}},{"start":{"line":206,"column":23},"end":{"line":206,"column":39}}],"line":206}},"s":{"0":3,"1":3,"2":3,"3":0,"4":0,"5":3,"6":3,"7":3,"8":3,"9":0,"10":3,"11":3,"12":3,"13":3,"14":3,"15":3,"16":1,"17":2,"18":2,"19":1,"20":2,"21":2,"22":2,"23":3,"24":0,"25":0,"26":3,"27":0,"28":0,"29":0,"30":0,"31":0,"32":3,"33":0,"34":0,"35":0,"36":0,"37":0,"38":0,"39":0,"40":0,"41":0,"42":0,"43":0,"44":0,"45":3,"46":0,"47":0,"48":0,"49":0,"50":0,"51":0,"52":0,"53":0,"54":0,"55":0,"56":0,"57":0,"58":0,"59":0,"60":0,"61":0,"62":0,"63":0,"64":0,"65":0,"66":0,"67":0,"68":3},"f":{"0":0,"1":3,"2":0,"3":0,"4":0,"5":0,"6":0,"7":0},"b":{"0":[0,3],"1":[3,0],"2":[1,2],"3":[2,0],"4":[0,0],"5":[0,0],"6":[0,0],"7":[0,0],"8":[0,0],"9":[0,0],"10":[0,0],"11":[0,0],"12":[0,0],"13":[0,0],"14":[0,0],"15":[0,0],"16":[0,0]},"_coverageSchema":"1a1c01bbd47fc00a2c39e90264f33305004495a9","hash":"43b326b63274fc9233c818347d0b51f579b568b6"}
,"D:\\Internship\\NodeCliApp\\src\\controllers\\uploadController.js": {"path":"D:\\Internship\\NodeCliApp\\src\\controllers\\uploadController.js","statementMap":{"0":{"start":{"line":1,"column":13},"end":{"line":1,"column":28}},"1":{"start":{"line":2,"column":11},"end":{"line":2,"column":24}},"2":{"start":{"line":4,"column":15},"end":{"line":4,"column":23}},"3":{"start":{"line":6,"column":2},"end":{"line":6,"column":77}},"4":{"start":{"line":10,"column":16},"end":{"line":10,"column":25}},"5":{"start":{"line":12,"column":2},"end":{"line":16,"column":3}},"6":{"start":{"line":13,"column":4},"end":{"line":15,"column":74}},"7":{"start":{"line":18,"column":2},"end":{"line":18,"column":90}},"8":{"start":{"line":22,"column":19},"end":{"line":22,"column":38}},"9":{"start":{"line":23,"column":2},"end":{"line":27,"column":3}},"10":{"start":{"line":24,"column":4},"end":{"line":26,"column":79}},"11":{"start":{"line":29,"column":19},"end":{"line":29,"column":73}},"12":{"start":{"line":30,"column":2},"end":{"line":34,"column":3}},"13":{"start":{"line":31,"column":4},"end":{"line":33,"column":64}},"14":{"start":{"line":35,"column":2},"end":{"line":35,"column":25}},"15":{"start":{"line":40,"column":19},"end":{"line":40,"column":38}},"16":{"start":{"line":41,"column":2},"end":{"line":45,"column":3}},"17":{"start":{"line":42,"column":4},"end":{"line":44,"column":68}},"18":{"start":{"line":46,"column":19},"end":{"line":46,"column":73}},"19":{"start":{"line":47,"column":2},"end":{"line":51,"column":3}},"20":{"start":{"line":48,"column":4},"end":{"line":50,"column":64}},"21":{"start":{"line":52,"column":2},"end":{"line":52,"column":26}},"22":{"start":{"line":53,"column":2},"end":{"line":55,"column":67}},"23":{"start":{"line":57,"column":0},"end":{"line":57,"column":68}}},"fnMap":{"0":{"name":"uploadAvatar","decl":{"start":{"line":3,"column":9},"end":{"line":3,"column":21}},"loc":{"start":{"line":3,"column":32},"end":{"line":7,"column":1}},"line":3},"1":{"name":"uploadImages","decl":{"start":{"line":9,"column":9},"end":{"line":9,"column":21}},"loc":{"start":{"line":9,"column":32},"end":{"line":19,"column":1}},"line":9},"2":{"name":"serveImg","decl":{"start":{"line":21,"column":9},"end":{"line":21,"column":17}},"loc":{"start":{"line":21,"column":28},"end":{"line":37,"column":1}},"line":21},"3":{"name":"deleteImg","decl":{"start":{"line":39,"column":9},"end":{"line":39,"column":18}},"loc":{"start":{"line":39,"column":28},"end":{"line":56,"column":1}},"line":39}},"branchMap":{"0":{"loc":{"start":{"line":12,"column":2},"end":{"line":16,"column":3}},"type":"if","locations":[{"start":{"line":12,"column":2},"end":{"line":16,"column":3}},{"start":{},"end":{}}],"line":12},"1":{"loc":{"start":{"line":12,"column":6},"end":{"line":12,"column":34}},"type":"binary-expr","locations":[{"start":{"line":12,"column":6},"end":{"line":12,"column":12}},{"start":{"line":12,"column":16},"end":{"line":12,"column":34}}],"line":12},"2":{"loc":{"start":{"line":23,"column":2},"end":{"line":27,"column":3}},"type":"if","locations":[{"start":{"line":23,"column":2},"end":{"line":27,"column":3}},{"start":{},"end":{}}],"line":23},"3":{"loc":{"start":{"line":30,"column":2},"end":{"line":34,"column":3}},"type":"if","locations":[{"start":{"line":30,"column":2},"end":{"line":34,"column":3}},{"start":{},"end":{}}],"line":30},"4":{"loc":{"start":{"line":41,"column":2},"end":{"line":45,"column":3}},"type":"if","locations":[{"start":{"line":41,"column":2},"end":{"line":45,"column":3}},{"start":{},"end":{}}],"line":41},"5":{"loc":{"start":{"line":47,"column":2},"end":{"line":51,"column":3}},"type":"if","locations":[{"start":{"line":47,"column":2},"end":{"line":51,"column":3}},{"start":{},"end":{}}],"line":47}},"s":{"0":3,"1":3,"2":0,"3":0,"4":0,"5":0,"6":0,"7":0,"8":0,"9":0,"10":0,"11":0,"12":0,"13":0,"14":0,"15":0,"16":0,"17":0,"18":0,"19":0,"20":0,"21":0,"22":0,"23":3},"f":{"0":0,"1":0,"2":0,"3":0},"b":{"0":[0,0],"1":[0,0],"2":[0,0],"3":[0,0],"4":[0,0],"5":[0,0]},"_coverageSchema":"1a1c01bbd47fc00a2c39e90264f33305004495a9","hash":"21d36300a47bab86c223dd1d291846f206013058"}
,"D:\\Internship\\NodeCliApp\\src\\controllers\\webhookController.js": {"path":"D:\\Internship\\NodeCliApp\\src\\controllers\\webhookController.js","statementMap":{"0":{"start":{"line":1,"column":15},"end":{"line":1,"column":38}},"1":{"start":{"line":2,"column":15},"end":{"line":2,"column":45}},"2":{"start":{"line":3,"column":13},"end":{"line":3,"column":40}},"3":{"start":{"line":5,"column":16},"end":{"line":92,"column":1}},"4":{"start":{"line":6,"column":20},"end":{"line":6,"column":51}},"5":{"start":{"line":7,"column":25},"end":{"line":7,"column":50}},"6":{"start":{"line":9,"column":2},"end":{"line":13,"column":3}},"7":{"start":{"line":10,"column":4},"end":{"line":10,"column":80}},"8":{"start":{"line":12,"column":4},"end":{"line":12,"column":47}},"9":{"start":{"line":18,"column":2},"end":{"line":89,"column":3}},"10":{"start":{"line":20,"column":6},"end":{"line":45,"column":7}},"11":{"start":{"line":21,"column":29},"end":{"line":21,"column":46}},"12":{"start":{"line":22,"column":21},"end":{"line":24,"column":10}},"13":{"start":{"line":25,"column":8},"end":{"line":25,"column":25}},"14":{"start":{"line":25,"column":19},"end":{"line":25,"column":25}},"15":{"start":{"line":27,"column":19},"end":{"line":27,"column":25}},"16":{"start":{"line":28,"column":24},"end":{"line":28,"column":59}},"17":{"start":{"line":29,"column":8},"end":{"line":29,"column":63}},"18":{"start":{"line":29,"column":48},"end":{"line":29,"column":63}},"19":{"start":{"line":30,"column":8},"end":{"line":30,"column":59}},"20":{"start":{"line":30,"column":46},"end":{"line":30,"column":59}},"21":{"start":{"line":31,"column":8},"end":{"line":31,"column":37}},"22":{"start":{"line":33,"column":8},"end":{"line":33,"column":38}},"23":{"start":{"line":34,"column":8},"end":{"line":34,"column":65}},"24":{"start":{"line":35,"column":8},"end":{"line":35,"column":55}},"25":{"start":{"line":36,"column":8},"end":{"line":38,"column":10}},"26":{"start":{"line":40,"column":8},"end":{"line":40,"column":26}},"27":{"start":{"line":41,"column":8},"end":{"line":41,"column":44}},"28":{"start":{"line":43,"column":8},"end":{"line":43,"column":59}},"29":{"start":{"line":44,"column":8},"end":{"line":44,"column":62}},"30":{"start":{"line":46,"column":6},"end":{"line":46,"column":12}},"31":{"start":{"line":49,"column":6},"end":{"line":49,"column":42}},"32":{"start":{"line":50,"column":6},"end":{"line":50,"column":12}},"33":{"start":{"line":52,"column":22},"end":{"line":52,"column":39}},"34":{"start":{"line":53,"column":19},"end":{"line":55,"column":8}},"35":{"start":{"line":56,"column":6},"end":{"line":59,"column":7}},"36":{"start":{"line":57,"column":8},"end":{"line":57,"column":77}},"37":{"start":{"line":58,"column":8},"end":{"line":58,"column":14}},"38":{"start":{"line":60,"column":6},"end":{"line":60,"column":32}},"39":{"start":{"line":61,"column":6},"end":{"line":62,"column":69}},"40":{"start":{"line":64,"column":6},"end":{"line":64,"column":24}},"41":{"start":{"line":66,"column":6},"end":{"line":66,"column":63}},"42":{"start":{"line":67,"column":6},"end":{"line":67,"column":42}},"43":{"start":{"line":68,"column":6},"end":{"line":68,"column":12}},"44":{"start":{"line":71,"column":22},"end":{"line":71,"column":39}},"45":{"start":{"line":73,"column":19},"end":{"line":75,"column":8}},"46":{"start":{"line":77,"column":6},"end":{"line":81,"column":7}},"47":{"start":{"line":78,"column":8},"end":{"line":78,"column":35}},"48":{"start":{"line":79,"column":8},"end":{"line":79,"column":41}},"49":{"start":{"line":80,"column":8},"end":{"line":80,"column":26}},"50":{"start":{"line":83,"column":6},"end":{"line":83,"column":12}},"51":{"start":{"line":87,"column":6},"end":{"line":87,"column":30}},"52":{"start":{"line":88,"column":6},"end":{"line":88,"column":12}},"53":{"start":{"line":91,"column":2},"end":{"line":91,"column":31}},"54":{"start":{"line":94,"column":0},"end":{"line":94,"column":29}}},"fnMap":{"0":{"name":"(anonymous_0)","decl":{"start":{"line":5,"column":16},"end":{"line":5,"column":17}},"loc":{"start":{"line":5,"column":36},"end":{"line":92,"column":1}},"line":5}},"branchMap":{"0":{"loc":{"start":{"line":18,"column":2},"end":{"line":89,"column":3}},"type":"switch","locations":[{"start":{"line":19,"column":4},"end":{"line":46,"column":12}},{"start":{"line":48,"column":4},"end":{"line":50,"column":12}},{"start":{"line":51,"column":4},"end":{"line":68,"column":12}},{"start":{"line":70,"column":4},"end":{"line":84,"column":5}},{"start":{"line":86,"column":4},"end":{"line":88,"column":12}}],"line":18},"1":{"loc":{"start":{"line":25,"column":8},"end":{"line":25,"column":25}},"type":"if","locations":[{"start":{"line":25,"column":8},"end":{"line":25,"column":25}},{"start":{},"end":{}}],"line":25},"2":{"loc":{"start":{"line":29,"column":8},"end":{"line":29,"column":63}},"type":"if","locations":[{"start":{"line":29,"column":8},"end":{"line":29,"column":63}},{"start":{},"end":{}}],"line":29},"3":{"loc":{"start":{"line":30,"column":8},"end":{"line":30,"column":59}},"type":"if","locations":[{"start":{"line":30,"column":8},"end":{"line":30,"column":59}},{"start":{},"end":{}}],"line":30},"4":{"loc":{"start":{"line":56,"column":6},"end":{"line":59,"column":7}},"type":"if","locations":[{"start":{"line":56,"column":6},"end":{"line":59,"column":7}},{"start":{},"end":{}}],"line":56},"5":{"loc":{"start":{"line":62,"column":8},"end":{"line":62,"column":68}},"type":"binary-expr","locations":[{"start":{"line":62,"column":8},"end":{"line":62,"column":48}},{"start":{"line":62,"column":52},"end":{"line":62,"column":68}}],"line":62},"6":{"loc":{"start":{"line":77,"column":6},"end":{"line":81,"column":7}},"type":"if","locations":[{"start":{"line":77,"column":6},"end":{"line":81,"column":7}},{"start":{},"end":{}}],"line":77}},"s":{"0":3,"1":3,"2":3,"3":3,"4":0,"5":0,"6":0,"7":0,"8":0,"9":0,"10":0,"11":0,"12":0,"13":0,"14":0,"15":0,"16":0,"17":0,"18":0,"19":0,"20":0,"21":0,"22":0,"23":0,"24":0,"25":0,"26":0,"27":0,"28":0,"29":0,"30":0,"31":0,"32":0,"33":0,"34":0,"35":0,"36":0,"37":0,"38":0,"39":0,"40":0,"41":0,"42":0,"43":0,"44":0,"45":0,"46":0,"47":0,"48":0,"49":0,"50":0,"51":0,"52":0,"53":0,"54":3},"f":{"0":0},"b":{"0":[0,0,0,0,0],"1":[0,0],"2":[0,0],"3":[0,0],"4":[0,0],"5":[0,0],"6":[0,0]},"_coverageSchema":"1a1c01bbd47fc00a2c39e90264f33305004495a9","hash":"26c14f46d1ad899d4812e119c7dba0d327c079c7"}
,"D:\\Internship\\NodeCliApp\\src\\flow\\orderFlow.js": {"path":"D:\\Internship\\NodeCliApp\\src\\flow\\orderFlow.js","statementMap":{"0":{"start":{"line":1,"column":25},"end":{"line":1,"column":42}},"1":{"start":{"line":2,"column":17},"end":{"line":2,"column":50}},"2":{"start":{"line":3,"column":19},"end":{"line":3,"column":49}},"3":{"start":{"line":4,"column":0},"end":{"line":4,"column":27}}},"fnMap":{},"branchMap":{},"s":{"0":4,"1":4,"2":4,"3":4},"f":{},"b":{},"_coverageSchema":"1a1c01bbd47fc00a2c39e90264f33305004495a9","hash":"e633923e5d38d531e34dbf0c17e28ca521ae4900"}
,"D:\\Internship\\NodeCliApp\\src\\jobs\\utils\\generateDailyReport.js": {"path":"D:\\Internship\\NodeCliApp\\src\\jobs\\utils\\generateDailyReport.js","statementMap":{"0":{"start":{"line":1,"column":14},"end":{"line":1,"column":45}},"1":{"start":{"line":2,"column":13},"end":{"line":2,"column":43}},"2":{"start":{"line":3,"column":20},"end":{"line":3,"column":57}},"3":{"start":{"line":5,"column":28},"end":{"line":73,"column":1}},"4":{"start":{"line":6,"column":2},"end":{"line":6,"column":39}},"5":{"start":{"line":6,"column":11},"end":{"line":6,"column":39}},"6":{"start":{"line":7,"column":16},"end":{"line":7,"column":26}},"7":{"start":{"line":9,"column":30},"end":{"line":9,"column":45}},"8":{"start":{"line":10,"column":2},"end":{"line":10,"column":51}},"9":{"start":{"line":11,"column":2},"end":{"line":11,"column":43}},"10":{"start":{"line":12,"column":28},"end":{"line":12,"column":43}},"11":{"start":{"line":13,"column":2},"end":{"line":13,"column":49}},"12":{"start":{"line":14,"column":2},"end":{"line":14,"column":46}},"13":{"start":{"line":16,"column":22},"end":{"line":22,"column":4}},"14":{"start":{"line":23,"column":2},"end":{"line":23,"column":40}},"15":{"start":{"line":23,"column":11},"end":{"line":23,"column":40}},"16":{"start":{"line":26,"column":18},"end":{"line":48,"column":4}},"17":{"start":{"line":49,"column":3},"end":{"line":49,"column":41}},"18":{"start":{"line":49,"column":12},"end":{"line":49,"column":41}},"19":{"start":{"line":53,"column":19},"end":{"line":58,"column":4}},"20":{"start":{"line":59,"column":3},"end":{"line":59,"column":41}},"21":{"start":{"line":59,"column":12},"end":{"line":59,"column":41}},"22":{"start":{"line":63,"column":17},"end":{"line":68,"column":4}},"23":{"start":{"line":70,"column":2},"end":{"line":70,"column":43}},"24":{"start":{"line":71,"column":2},"end":{"line":71,"column":41}},"25":{"start":{"line":71,"column":11},"end":{"line":71,"column":41}},"26":{"start":{"line":72,"column":2},"end":{"line":72,"column":16}},"27":{"start":{"line":75,"column":0},"end":{"line":75,"column":37}}},"fnMap":{"0":{"name":"(anonymous_0)","decl":{"start":{"line":5,"column":28},"end":{"line":5,"column":29}},"loc":{"start":{"line":5,"column":50},"end":{"line":73,"column":1}},"line":5}},"branchMap":{"0":{"loc":{"start":{"line":5,"column":35},"end":{"line":5,"column":45}},"type":"default-arg","locations":[{"start":{"line":5,"column":41},"end":{"line":5,"column":45}}],"line":5},"1":{"loc":{"start":{"line":6,"column":2},"end":{"line":6,"column":39}},"type":"if","locations":[{"start":{"line":6,"column":2},"end":{"line":6,"column":39}},{"start":{},"end":{}}],"line":6},"2":{"loc":{"start":{"line":23,"column":2},"end":{"line":23,"column":40}},"type":"if","locations":[{"start":{"line":23,"column":2},"end":{"line":23,"column":40}},{"start":{},"end":{}}],"line":23},"3":{"loc":{"start":{"line":49,"column":3},"end":{"line":49,"column":41}},"type":"if","locations":[{"start":{"line":49,"column":3},"end":{"line":49,"column":41}},{"start":{},"end":{}}],"line":49},"4":{"loc":{"start":{"line":59,"column":3},"end":{"line":59,"column":41}},"type":"if","locations":[{"start":{"line":59,"column":3},"end":{"line":59,"column":41}},{"start":{},"end":{}}],"line":59},"5":{"loc":{"start":{"line":66,"column":18},"end":{"line":66,"column":47}},"type":"binary-expr","locations":[{"start":{"line":66,"column":18},"end":{"line":66,"column":42}},{"start":{"line":66,"column":46},"end":{"line":66,"column":47}}],"line":66},"6":{"loc":{"start":{"line":71,"column":2},"end":{"line":71,"column":41}},"type":"if","locations":[{"start":{"line":71,"column":2},"end":{"line":71,"column":41}},{"start":{},"end":{}}],"line":71}},"s":{"0":1,"1":1,"2":1,"3":1,"4":2,"5":1,"6":2,"7":2,"8":2,"9":2,"10":2,"11":2,"12":2,"13":2,"14":2,"15":1,"16":2,"17":2,"18":1,"19":2,"20":2,"21":1,"22":2,"23":2,"24":2,"25":1,"26":2,"27":1},"f":{"0":2},"b":{"0":[1],"1":[1,1],"2":[1,1],"3":[1,1],"4":[1,1],"5":[2,1],"6":[1,1]},"_coverageSchema":"1a1c01bbd47fc00a2c39e90264f33305004495a9","hash":"c7033f54a3bd918169faf8e29badd1e3a58b64b9"}
,"D:\\Internship\\NodeCliApp\\src\\jobs\\utils\\getLowStockProducts.js": {"path":"D:\\Internship\\NodeCliApp\\src\\jobs\\utils\\getLowStockProducts.js","statementMap":{"0":{"start":{"line":1,"column":16},"end":{"line":1,"column":49}},"1":{"start":{"line":3,"column":28},"end":{"line":8,"column":1}},"2":{"start":{"line":4,"column":27},"end":{"line":6,"column":32}},"3":{"start":{"line":7,"column":2},"end":{"line":7,"column":26}},"4":{"start":{"line":10,"column":0},"end":{"line":10,"column":35}}},"fnMap":{"0":{"name":"(anonymous_0)","decl":{"start":{"line":3,"column":28},"end":{"line":3,"column":29}},"loc":{"start":{"line":3,"column":40},"end":{"line":8,"column":1}},"line":3}},"branchMap":{},"s":{"0":1,"1":1,"2":2,"3":2,"4":1},"f":{"0":2},"b":{},"_coverageSchema":"1a1c01bbd47fc00a2c39e90264f33305004495a9","hash":"bc340faf43e10ff3d81076d67f40b812fdd314d4"}
,"D:\\Internship\\NodeCliApp\\src\\middleware\\Limiter.js": {"path":"D:\\Internship\\NodeCliApp\\src\\middleware\\Limiter.js","statementMap":{"0":{"start":{"line":1,"column":18},"end":{"line":1,"column":47}},"1":{"start":{"line":3,"column":20},"end":{"line":11,"column":2}},"2":{"start":{"line":6,"column":14},"end":{"line":6,"column":45}},"3":{"start":{"line":12,"column":19},"end":{"line":20,"column":2}},"4":{"start":{"line":15,"column":14},"end":{"line":15,"column":45}},"5":{"start":{"line":21,"column":21},"end":{"line":29,"column":2}},"6":{"start":{"line":24,"column":14},"end":{"line":24,"column":45}},"7":{"start":{"line":31,"column":0},"end":{"line":31,"column":55}}},"fnMap":{"0":{"name":"(anonymous_0)","decl":{"start":{"line":6,"column":8},"end":{"line":6,"column":9}},"loc":{"start":{"line":6,"column":14},"end":{"line":6,"column":45}},"line":6},"1":{"name":"(anonymous_1)","decl":{"start":{"line":15,"column":8},"end":{"line":15,"column":9}},"loc":{"start":{"line":15,"column":14},"end":{"line":15,"column":45}},"line":15},"2":{"name":"(anonymous_2)","decl":{"start":{"line":24,"column":8},"end":{"line":24,"column":9}},"loc":{"start":{"line":24,"column":14},"end":{"line":24,"column":45}},"line":24}},"branchMap":{},"s":{"0":3,"1":3,"2":25,"3":3,"4":11,"5":3,"6":0,"7":3},"f":{"0":25,"1":11,"2":0},"b":{},"_coverageSchema":"1a1c01bbd47fc00a2c39e90264f33305004495a9","hash":"0c765b4c72d122fdb9ca2048137702467c576da2"}
,"D:\\Internship\\NodeCliApp\\src\\middleware\\ValidateId.js": {"path":"D:\\Internship\\NodeCliApp\\src\\middleware\\ValidateId.js","statementMap":{"0":{"start":{"line":1,"column":30},"end":{"line":1,"column":49}},"1":{"start":{"line":4,"column":17},"end":{"line":4,"column":27}},"2":{"start":{"line":6,"column":2},"end":{"line":11,"column":3}},"3":{"start":{"line":7,"column":4},"end":{"line":10,"column":7}},"4":{"start":{"line":13,"column":2},"end":{"line":13,"column":9}},"5":{"start":{"line":16,"column":0},"end":{"line":16,"column":32}}},"fnMap":{"0":{"name":"validateId","decl":{"start":{"line":3,"column":9},"end":{"line":3,"column":19}},"loc":{"start":{"line":3,"column":36},"end":{"line":14,"column":1}},"line":3}},"branchMap":{"0":{"loc":{"start":{"line":6,"column":2},"end":{"line":11,"column":3}},"type":"if","locations":[{"start":{"line":6,"column":2},"end":{"line":11,"column":3}},{"start":{},"end":{}}],"line":6}},"s":{"0":3,"1":3,"2":3,"3":0,"4":3,"5":3},"f":{"0":3},"b":{"0":[0,3]},"_coverageSchema":"1a1c01bbd47fc00a2c39e90264f33305004495a9","hash":"d1cdb6289147b800e5333b4227e4dd7aba5959de"}
,"D:\\Internship\\NodeCliApp\\src\\middleware\\adminAuth.js": {"path":"D:\\Internship\\NodeCliApp\\src\\middleware\\adminAuth.js","statementMap":{"0":{"start":{"line":1,"column":16},"end":{"line":10,"column":1}},"1":{"start":{"line":2,"column":4},"end":{"line":8,"column":5}},"2":{"start":{"line":3,"column":8},"end":{"line":6,"column":10}},"3":{"start":{"line":9,"column":4},"end":{"line":9,"column":10}},"4":{"start":{"line":12,"column":0},"end":{"line":12,"column":25}}},"fnMap":{"0":{"name":"(anonymous_0)","decl":{"start":{"line":1,"column":16},"end":{"line":1,"column":17}},"loc":{"start":{"line":1,"column":32},"end":{"line":10,"column":1}},"line":1}},"branchMap":{"0":{"loc":{"start":{"line":2,"column":4},"end":{"line":8,"column":5}},"type":"if","locations":[{"start":{"line":2,"column":4},"end":{"line":8,"column":5}},{"start":{},"end":{}}],"line":2}},"s":{"0":3,"1":8,"2":2,"3":6,"4":3},"f":{"0":8},"b":{"0":[2,6]},"_coverageSchema":"1a1c01bbd47fc00a2c39e90264f33305004495a9","hash":"894e952e4b85eed19ddfa277185ac066ac10e1fa"}
,"D:\\Internship\\NodeCliApp\\src\\middleware\\asyncHandler.js": {"path":"D:\\Internship\\NodeCliApp\\src\\middleware\\asyncHandler.js","statementMap":{"0":{"start":{"line":1,"column":21},"end":{"line":5,"column":1}},"1":{"start":{"line":2,"column":2},"end":{"line":4,"column":4}},"2":{"start":{"line":3,"column":4},"end":{"line":3,"column":52}},"3":{"start":{"line":7,"column":0},"end":{"line":7,"column":30}}},"fnMap":{"0":{"name":"(anonymous_0)","decl":{"start":{"line":1,"column":21},"end":{"line":1,"column":22}},"loc":{"start":{"line":1,"column":29},"end":{"line":5,"column":1}},"line":1},"1":{"name":"(anonymous_1)","decl":{"start":{"line":2,"column":9},"end":{"line":2,"column":10}},"loc":{"start":{"line":2,"column":29},"end":{"line":4,"column":3}},"line":2}},"branchMap":{},"s":{"0":4,"1":93,"2":34,"3":4},"f":{"0":93,"1":34},"b":{},"_coverageSchema":"1a1c01bbd47fc00a2c39e90264f33305004495a9","hash":"9cb5c967e447f391a73919d941ba11f496fbb54e"}
,"D:\\Internship\\NodeCliApp\\src\\middleware\\authProvider.js": {"path":"D:\\Internship\\NodeCliApp\\src\\middleware\\authProvider.js","statementMap":{"0":{"start":{"line":1,"column":15},"end":{"line":1,"column":38}},"1":{"start":{"line":2,"column":13},"end":{"line":2,"column":40}},"2":{"start":{"line":3,"column":14},"end":{"line":3,"column":39}},"3":{"start":{"line":4,"column":12},"end":{"line":4,"column":35}},"4":{"start":{"line":5,"column":16},"end":{"line":44,"column":1}},"5":{"start":{"line":6,"column":2},"end":{"line":43,"column":3}},"6":{"start":{"line":7,"column":23},"end":{"line":7,"column":48}},"7":{"start":{"line":9,"column":4},"end":{"line":14,"column":5}},"8":{"start":{"line":10,"column":6},"end":{"line":13,"column":9}},"9":{"start":{"line":15,"column":4},"end":{"line":20,"column":5}},"10":{"start":{"line":16,"column":6},"end":{"line":19,"column":9}},"11":{"start":{"line":21,"column":18},"end":{"line":21,"column":42}},"12":{"start":{"line":23,"column":20},"end":{"line":23,"column":61}},"13":{"start":{"line":25,"column":16},"end":{"line":25,"column":47}},"14":{"start":{"line":26,"column":4},"end":{"line":28,"column":5}},"15":{"start":{"line":27,"column":5},"end":{"line":27,"column":85}},"16":{"start":{"line":29,"column":4},"end":{"line":29,"column":20}},"17":{"start":{"line":30,"column":4},"end":{"line":30,"column":11}},"18":{"start":{"line":32,"column":4},"end":{"line":32,"column":48}},"19":{"start":{"line":33,"column":4},"end":{"line":38,"column":5}},"20":{"start":{"line":34,"column":6},"end":{"line":37,"column":9}},"21":{"start":{"line":39,"column":4},"end":{"line":42,"column":7}},"22":{"start":{"line":46,"column":0},"end":{"line":46,"column":25}}},"fnMap":{"0":{"name":"(anonymous_0)","decl":{"start":{"line":5,"column":16},"end":{"line":5,"column":17}},"loc":{"start":{"line":5,"column":42},"end":{"line":44,"column":1}},"line":5}},"branchMap":{"0":{"loc":{"start":{"line":9,"column":4},"end":{"line":14,"column":5}},"type":"if","locations":[{"start":{"line":9,"column":4},"end":{"line":14,"column":5}},{"start":{},"end":{}}],"line":9},"1":{"loc":{"start":{"line":15,"column":4},"end":{"line":20,"column":5}},"type":"if","locations":[{"start":{"line":15,"column":4},"end":{"line":20,"column":5}},{"start":{},"end":{}}],"line":15},"2":{"loc":{"start":{"line":26,"column":4},"end":{"line":28,"column":5}},"type":"if","locations":[{"start":{"line":26,"column":4},"end":{"line":28,"column":5}},{"start":{},"end":{}}],"line":26},"3":{"loc":{"start":{"line":33,"column":4},"end":{"line":38,"column":5}},"type":"if","locations":[{"start":{"line":33,"column":4},"end":{"line":38,"column
[...]
,"D:\\Internship\\NodeCliApp\\src\\routes\\adminRoutes.js": {"path":"D:\\Internship\\NodeCliApp\\src\\routes\\adminRoutes.js","statementMap":{"0":{"start":{"line":1,"column":25},"end":{"line":1,"column":66}},"1":{"start":{"line":2,"column":18},"end":{"line":2,"column":52}},"2":{"start":{"line":3,"column":21},"end":{"line":3,"column":58}},"3":{"start":{"line":4,"column":16},"end":{"line":4,"column":53}},"4":{"start":{"line":6,"column":13},"end":{"line":6,"column":40}},"5":{"start":{"line":8,"column":0},"end":{"line":8,"column":77}},"6":{"start":{"line":10,"column":0},"end":{"line":10,"column":22}}},"fnMap":{},"branchMap":{},"s":{"0":3,"1":3,"2":3,"3":3,"4":3,"5":3,"6":3},"f":{},"b":{},"_coverageSchema":"1a1c01bbd47fc00a2c39e90264f33305004495a9","hash":"98cb639e1d452689d218f34cd298cbd8d2136c8e"}
,"D:\\Internship\\NodeCliApp\\src\\routes\\authRouter.js": {"path":"D:\\Internship\\NodeCliApp\\src\\routes\\authRouter.js","statementMap":{"0":{"start":{"line":1,"column":16},"end":{"line":1,"column":34}},"1":{"start":{"line":13,"column":4},"end":{"line":13,"column":44}},"2":{"start":{"line":15,"column":21},"end":{"line":15,"column":58}},"3":{"start":{"line":16,"column":16},"end":{"line":16,"column":53}},"4":{"start":{"line":17,"column":23},"end":{"line":17,"column":58}},"5":{"start":{"line":25,"column":4},"end":{"line":25,"column":54}},"6":{"start":{"line":26,"column":15},"end":{"line":26,"column":31}},"7":{"start":{"line":28,"column":0},"end":{"line":33,"column":2}},"8":{"start":{"line":34,"column":0},"end":{"line":39,"column":2}},"9":{"start":{"line":40,"column":0},"end":{"line":40,"column":49}},"10":{"start":{"line":42,"column":0},"end":{"line":42,"column":64}},"11":{"start":{"line":43,"column":0},"end":{"line":43,"column":39}},"12":{"start":{"line":44,"column":0},"end":{"line":44,"column":44}},"13":{"start":{"line":45,"column":0},"end":{"line":45,"column":69}},"14":{"start":{"line":47,"column":0},"end":{"line":52,"column":2}},"15":{"start":{"line":53,"column":0},"end":{"line":53,"column":110}},"16":{"start":{"line":54,"column":0},"end":{"line":60,"column":2}},"17":{"start":{"line":61,"column":0},"end":{"line":61,"column":24}}},"fnMap":{},"branchMap":{},"s":{"0":3,"1":3,"2":3,"3":3,"4":3,"5":3,"6":3,"7":3,"8":3,"9":3,"10":3,"11":3,"12":3,"13":3,"14":3,"15":3,"16":3,"17":3},"f":{},"b":{},"_coverageSchema":"1a1c01bbd47fc00a2c39e90264f33305004495a9","hash":"6444f704c7a5412db4224036774f64fcb1ea4780"}
,"D:\\Internship\\NodeCliApp\\src\\routes\\cacheRouter.js": {"path":"D:\\Internship\\NodeCliApp\\src\\routes\\cacheRouter.js","statementMap":{"0":{"start":{"line":1,"column":14},"end":{"line":1,"column":32}},"1":{"start":{"line":2,"column":21},"end":{"line":2,"column":58}},"2":{"start":{"line":3,"column":26},"end":{"line":3,"column":67}},"3":{"start":{"line":4,"column":13},"end":{"line":4,"column":29}},"4":{"start":{"line":7,"column":0},"end":{"line":7,"column":49}},"5":{"start":{"line":9,"column":0},"end":{"line":9,"column":22}}},"fnMap":{},"branchMap":{},"s":{"0":3,"1":3,"2":3,"3":3,"4":3,"5":3},"f":{},"b":{},"_coverageSchema":"1a1c01bbd47fc00a2c39e90264f33305004495a9","hash":"e561ef2cffa4cf1e7033d6cdf2fa9ffed9c69a29"}
,"D:\\Internship\\NodeCliApp\\src\\routes\\orderRoute.js": {"path":"D:\\Internship\\NodeCliApp\\src\\routes\\orderRoute.js","statementMap":{"0":{"start":{"line":1,"column":16},"end":{"line":1,"column":34}},"1":{"start":{"line":2,"column":30},"end":{"line":2,"column":49}},"2":{"start":{"line":3,"column":14},"end":{"line":3,"column":42}},"3":{"start":{"line":4,"column":16},"end":{"line":4,"column":46}},"4":{"start":{"line":5,"column":16},"end":{"line":5,"column":53}},"5":{"start":{"line":6,"column":21},"end":{"line":6,"column":58}},"6":{"start":{"line":7,"column":19},"end":{"line":7,"column":60}},"7":{"start":{"line":9,"column":15},"end":{"line":9,"column":31}},"8":{"start":{"line":11,"column":0},"end":{"line":11,"column":52}},"9":{"start":{"line":13,"column":0},"end":{"line":13,"column":24}}},"fnMap":{},"branchMap":{},"s":{"0":3,"1":3,"2":3,"3":3,"4":3,"5":3,"6":3,"7":3,"8":3,"9":3},"f":{},"b":{},"_coverageSchema":"1a1c01bbd47fc00a2c39e90264f33305004495a9","hash":"b3f2047754f7b33835b895cc5e84afdfbcb13278"}
,"D:\\Internship\\NodeCliApp\\src\\routes\\productRouter.js": {"path":"D:\\Internship\\NodeCliApp\\src\\routes\\productRouter.js","statementMap":{"0":{"start":{"line":1,"column":16},"end":{"line":1,"column":34}},"1":{"start":{"line":3,"column":23},"end":{"line":3,"column":58}},"2":{"start":{"line":14,"column":4},"end":{"line":14,"column":47}},"3":{"start":{"line":15,"column":16},"end":{"line":15,"column":53}},"4":{"start":{"line":16,"column":21},"end":{"line":16,"column":58}},"5":{"start":{"line":17,"column":16},"end":{"line":17,"column":46}},"6":{"start":{"line":18,"column":24},"end":{"line":18,"column":64}},"7":{"start":{"line":19,"column":18},"end":{"line":19,"column":52}},"8":{"start":{"line":21,"column":15},"end":{"line":21,"column":31}},"9":{"start":{"line":23,"column":0},"end":{"line":23,"column":74}},"10":{"start":{"line":24,"column":0},"end":{"line":24,"column":57}},"11":{"start":{"line":31,"column":0},"end":{"line":31,"column":96}},"12":{"start":{"line":33,"column":0},"end":{"line":33,"column":79}},"13":{"start":{"line":35,"column":0},"end":{"line":35,"column":64}},"14":{"start":{"line":37,"column":0},"end":{"line":37,"column":83}},"15":{"start":{"line":38,"column":0},"end":{"line":38,"column":75}},"16":{"start":{"line":39,"column":0},"end":{"line":39,"column":64}},"17":{"start":{"line":40,"column":0},"end":{"line":40,"column":79}},"18":{"start":{"line":42,"column":0},"end":{"line":42,"column":24}}},"fnMap":{},"branchMap":{},"s":{"0":3,"1":3,"2":3,"3":3,"4":3,"5":3,"6":3,"7":3,"8":3,"9":3,"10":3,"11":3,"12":3,"13":3,"14":3,"15":3,"16":3,"17":3,"18":3},"f":{},"b":{},"_coverageSchema":"1a1c01bbd47fc00a2c39e90264f33305004495a9","hash":"c351c2ab21b7e392c2f1c0f8bafab73355e20297"}
,"D:\\Internship\\NodeCliApp\\src\\routes\\stripeRouter.js": {"path":"D:\\Internship\\NodeCliApp\\src\\routes\\stripeRouter.js","statementMap":{"0":{"start":{"line":1,"column":16},"end":{"line":1,"column":34}},"1":{"start":{"line":3,"column":21},"end":{"line":3,"column":58}},"2":{"start":{"line":11,"column":4},"end":{"line":11,"column":46}},"3":{"start":{"line":12,"column":16},"end":{"line":12,"column":53}},"4":{"start":{"line":13,"column":15},"end":{"line":13,"column":31}},"5":{"start":{"line":15,"column":0},"end":{"line":15,"column":66}},"6":{"start":{"line":16,"column":0},"end":{"line":16,"column":52}},"7":{"start":{"line":17,"column":0},"end":{"line":17,"column":57}},"8":{"start":{"line":18,"column":0},"end":{"line":18,"column":66}},"9":{"start":{"line":19,"column":0},"end":{"line":19,"column":71}},"10":{"start":{"line":20,"column":0},"end":{"line":20,"column":64}},"11":{"start":{"line":21,"column":0},"end":{"line":21,"column":24}}},"fnMap":{},"branchMap":{},"s":{"0":3,"1":3,"2":3,"3":3,"4":3,"5":3,"6":3,"7":3,"8":3,"9":3,"10":3,"11":3},"f":{},"b":{},"_coverageSchema":"1a1c01bbd47fc00a2c39e90264f33305004495a9","hash":"964d323a6c11ccb44a7b41ec03fd5fa97dd0c896"}
,"D:\\Internship\\NodeCliApp\\src\\routes\\upload.js": {"path":"D:\\Internship\\NodeCliApp\\src\\routes\\upload.js","statementMap":{"0":{"start":{"line":1,"column":16},"end":{"line":1,"column":34}},"1":{"start":{"line":2,"column":15},"end":{"line":2,"column":46}},"2":{"start":{"line":8,"column":4},"end":{"line":8,"column":46}},"3":{"start":{"line":9,"column":16},"end":{"line":9,"column":53}},"4":{"start":{"line":10,"column":21},"end":{"line":10,"column":58}},"5":{"start":{"line":11,"column":15},"end":{"line":11,"column":31}},"6":{"start":{"line":13,"column":0},"end":{"line":13,"column":79}},"7":{"start":{"line":14,"column":0},"end":{"line":19,"column":2}},"8":{"start":{"line":20,"column":0},"end":{"line":20,"column":49}},"9":{"start":{"line":21,"column":0},"end":{"line":21,"column":62}},"10":{"start":{"line":23,"column":0},"end":{"line":23,"column":24}}},"fnMap":{},"branchMap":{},"s":{"0":3,"1":3,"2":3,"3":3,"4":3,"5":3,"6":3,"7":3,"8":3,"9":3,"10":3},"f":{},"b":{},"_coverageSchema":"1a1c01bbd47fc00a2c39e90264f33305004495a9","hash":"f6b37602e58f2abe48c6474092e81673251ac46a"}
,"D:\\Internship\\NodeCliApp\\src\\routes\\webhookRoutes.js": {"path":"D:\\Internship\\NodeCliApp\\src\\routes\\webhookRoutes.js","statementMap":{"0":{"start":{"line":1,"column":20},"end":{"line":1,"column":63}},"1":{"start":{"line":3,"column":15},"end":{"line":3,"column":42}},"2":{"start":{"line":5,"column":0},"end":{"line":5,"column":32}},"3":{"start":{"line":7,"column":0},"end":{"line":7,"column":24}}},"fnMap":{},"branchMap":{},"s":{"0":3,"1":3,"2":3,"3":3},"f":{},"b":{},"_coverageSchema":"1a1c01bbd47fc00a2c39e90264f33305004495a9","hash":"bf72e0fcbc98636604991bdb4fd2a325830b8544"}
,"D:\\Internship\\NodeCliApp\\src\\store\\users.js": {"path":"D:\\Internship\\NodeCliApp\\src\\store\\users.js","statementMap":{"0":{"start":{"line":1,"column":14},"end":{"line":1,"column":16}},"1":{"start":{"line":2,"column":0},"end":{"line":2,"column":23}}},"fnMap":{},"branchMap":{},"s":{"0":3,"1":3},"f":{},"b":{},"_coverageSchema":"1a1c01bbd47fc00a2c39e90264f33305004495a9","hash":"dd0daafb40bcf33d2d0f5a38fe3a7c5dc34402e3"}
,"D:\\Internship\\NodeCliApp\\src\\utils\\QueryBuilder.js": {"path":"D:\\Internship\\NodeCliApp\\src\\utils\\QueryBuilder.js","statementMap":{"0":{"start":{"line":3,"column":4},"end":{"line":3,"column":23}},"1":{"start":{"line":4,"column":4},"end":{"line":4,"column":35}},"2":{"start":{"line":7,"column":4},"end":{"line":7,"column":34}},"3":{"start":{"line":8,"column":4},"end":{"line":8,"column":34}},"4":{"start":{"line":10,"column":19},"end":{"line":10,"column":21}},"5":{"start":{"line":11,"column":4},"end":{"line":13,"column":5}},"6":{"start":{"line":12,"column":6},"end":{"line":12,"column":50}},"7":{"start":{"line":14,"column":4},"end":{"line":16,"column":5}},"8":{"start":{"line":15,"column":6},"end":{"line":15,"column":59}},"9":{"start":{"line":17,"column":4},"end":{"line":26,"column":5}},"10":{"start":{"line":18,"column":6},"end":{"line":18,"column":24}},"11":{"start":{"line":20,"column":6},"end":{"line":22,"column":7}},"12":{"start":{"line":21,"column":8},"end":{"line":21,"column":54}},"13":{"start":{"line":23,"column":6},"end":{"line":25,"column":7}},"14":{"start":{"line":24,"column":8},"end":{"line":24,"column":54}},"15":{"start":{"line":27,"column":4},"end":{"line":27,"column":41}},"16":{"start":{"line":28,"column":4},"end":{"line":28,"column":16}},"17":{"start":{"line":31,"column":4},"end":{"line":48,"column":5}},"18":{"start":{"line":32,"column":6},"end":{"line":47,"column":9}},"19":{"start":{"line":49,"column":4},"end":{"line":49,"column":16}},"20":{"start":{"line":52,"column":4},"end":{"line":56,"column":5}},"21":{"start":{"line":53,"column":6},"end":{"line":53,"column":58}},"22":{"start":{"line":55,"column":6},"end":{"line":55,"column":49}},"23":{"start":{"line":57,"column":4},"end":{"line":57,"column":16}},"24":{"start":{"line":61,"column":4},"end":{"line":66,"column":5}},"25":{"start":{"line":62,"column":17},"end":{"line":62,"column":43}},"26":{"start":{"line":63,"column":18},"end":{"line":63,"column":46}},"27":{"start":{"line":65,"column":6},"end":{"line":65,"column":68}},"28":{"start":{"line":67,"column":4},"end":{"line":67,"column":16}},"29":{"start":{"line":71,"column":0},"end":{"line":71,"column":30}}},"fnMap":{"0":{"name":"(anonymous_0)","decl":{"start":{"line":2,"column":2},"end":{"line":2,"column":3}},"loc":{"start":{"line":2,"column":34},"end":{"line":5,"column":3}},"line":2},"1":{"name":"(anonymous_1)","decl":{"start":{"line":6,"column":2},"end":{"line":6,"column":3}},"loc":{"start":{"line":6,"column":11},"end":{"line":29,"column":3}},"line":6},"2":{"name":"(anonymous_2)","decl":{"start":{"line":30,"column":2},"end":{"line":30,"column":3}},"loc":{"start":{"line":30,"column":11},"end":{"line":50,"column":3}},"line":30},"3":{"name":"(anonymous_3)","decl":{"start":{"line":51,"column":2},"end":{"line":51,"column":3}},"loc":{"start":{"line":51,"column":9},"end":{"line":58,"column":3}},"line":51},"4":{"name":"(anonymous_4)","decl":{"start":{"line":60,"column":2},"end":{"line":60,"column":3}},"loc":{"start":{"line":60,"column":13},"end":{"line":68,"column":3}},"line":60}},"branchMap":{"0":{"loc":{"start":{"line":11,"column":4},"end":{"line":13,"column":5}},"type":"if","locations":[{"start":{"line":11,"column":4},"end":{"line":13,"column":5}},{"start":{},"end":{}}],"line":11},"1":{"loc":{"start":{"line":14,"column":4},"end":{"line":16,"column":5}},"type":"if","locations":[{"start":{"line":14,"column":4},"end":{"line":16,"column":5}},{"start":{},"end":{}}],"line":14},"2":{"loc":{"start":{"line":17,"column":4},"end":{"line":26,"column":5}},"type":"if","locations":[{"start":{"line":17,"column":4},"end":{"line":26,"column":5}},{"start":{},"end":{}}],"line":17},"3":{"loc":{"start":{"line":17,"column":8},"end":{"line":17,"column":62}},"type":"binary-expr","locations":[{"start":{"line":17,"column":8},"end":{"line":17,"column":33}},{"start":{"line":17,"column":37},"end":{"line":17,"column":62}}],"line":17},"4":{"loc":{"start":{"line":20,"column":6},"end":{"line":22,"column":7}},"type":"if","locations":[{"start":{"line":20,"column":6},"end":{"line":22,"column":7}},{"start":{},"end":{}}],"line":20},"5":{"loc":{"start":{"line":23,"column":6},"end":{"line":25,"column":7}},"type":"if","locations":[{"start":{"line":23,"column":6},"end":{"line":25,"column":7}},{"start":{},"end":{}}],"line":23},"6":{"loc":{"start":{"line":31,"column":4},"end":{"line":48,"column":5}},"type":"if","locations":[{"start":{"line":31,"column":4},"end":{"line":48,"column":5}},{"start":{},"end":{}}],"line":31},"7":{"loc":{"start":{"line":52,"column":4},"end":{"line":56,"column":5}},"type":"if","locations":[{"start":{"line":52,"column":4},"end":{"line":56,"column":5}},{"start":{"line":54,"column":11},"end":{"line":56,"column":5}}],"line":52},"8":{"loc":{"start":{"line":61,"column":4},"end":{"line":66,"column":5}},"type":"if","locations":[{"start":{"line":61,"column":4},"end":{"line":66,"column":5}},{"start":{},"end":{}}],"line":61},"9":{"loc":{"start":{"line":61,"column":8},"end":{"line":61,"column":55}},"type":"binary-expr","locations":[{"start":{"line":61,"column":8},"end":{"line":61,"column":29}},{"start":{"line":61,"column":33},"end":{"line":61,"column":55}}],"line":61},"10":{"loc":{"start":{"line":62,"column":17},"end":{"line":62,"column":43}},"type":"binary-expr","locations":[{"start":{"line":62,"column":17},"end":{"line":62,"column":38}},{"start":{"line":62,"column":42},"end":{"line":62,"column":43}}],"line":62},"11":{"loc":{"start":{"line":63,"column":18},"end":{"line":63,"column":46}},"type":"binary-expr","locations":[{"start":{"line":63,"column":18},"end":{"line":63,"column":40}},{"start":{"line":63,"column":44},"end":{"line":63,"column":46}}],"line":63}},"s":{"0":6,"1":6,"2":2,"3":2,"4":2,"5":2,"6":1,"7":2,"8":1,"9":2,"10":1,"11":1,"12":1,"13":1,"14":1,"15":2,"16":2,"17":2,"18":1,"19":2,"20":2,"21":1,"22":1,"23":2,"24":0,"25":0,"26":0,"27":0,"28":0,"29":4},"f":{"0":6,"1":2,"2":2,"3":2,"4":0},"b":{"0":[1,1],"1":[1,1],"2":[1,1],"3":[2,1],"4":[1,0],"5":[1,0],"6":[1,1],"7":[1,1],"8":[0,0],"9":[0,0],"10":[0,0],"11":[0,0]},"_coverageSchema":"1a1c01bbd47fc00a2c39e90264f33305004495a9","hash":"c015e2bb2f6faa3d796ebbf213f413f41dd62324"}
,"D:\\Internship\\NodeCliApp\\src\\utils\\tokenGenerator.js": {"path":"D:\\Internship\\NodeCliApp\\src\\utils\\tokenGenerator.js","statementMap":{"0":{"start":{"line":1,"column":12},"end":{"line":1,"column":35}},"1":{"start":{"line":2,"column":15},"end":{"line":2,"column":38}},"2":{"start":{"line":4,"column":28},"end":{"line":16,"column":1}},"3":{"start":{"line":5,"column":2},"end":{"line":15,"column":4}},"4":{"start":{"line":18,"column":29},"end":{"line":29,"column":1}},"5":{"start":{"line":19,"column":2},"end":{"line":28,"column":4}},"6":{"start":{"line":31,"column":0},"end":{"line":31,"column":63}}},"fnMap":{"0":{"name":"(anonymous_0)","decl":{"start":{"line":4,"column":28},"end":{"line":4,"column":29}},"loc":{"start":{"line":4,"column":38},"end":{"line":16,"column":1}},"line":4},"1":{"name":"(anonymous_1)","decl":{"start":{"line":18,"column":29},"end":{"line":18,"column":30}},"loc":{"start":{"line":18,"column":39},"end":{"line":29,"column":1}},"line":18}},"branchMap":{},"s":{"0":3,"1":3,"2":3,"3":13,"4":3,"5":13,"6":3},"f":{"0":13,"1":13},"b":{},"_coverageSchema":"1a1c01bbd47fc00a2c39e90264f33305004495a9","hash":"fc048a7b040d80080d1da20249d87dc6fafd7de8"}
,"D:\\Internship\\NodeCliApp\\src\\workers\\processors\\emailProcessor.js": {"path":"D:\\Internship\\NodeCliApp\\src\\workers\\processors\\emailProcessor.js","statementMap":{"0":{"start":{"line":1,"column":14},"end":{"line":1,"column":45}},"1":{"start":{"line":3,"column":19},"end":{"line":3,"column":55}},"2":{"start":{"line":4,"column":24},"end":{"line":15,"column":1}},"3":{"start":{"line":5,"column":2},"end":{"line":5,"column":52}},"4":{"start":{"line":6,"column":16},"end":{"line":6,"column":54}},"5":{"start":{"line":8,"column":2},"end":{"line":10,"column":3}},"6":{"start":{"line":9,"column":4},"end":{"line":9,"column":39}},"7":{"start":{"line":11,"column":2},"end":{"line":11,"column":28}},"8":{"start":{"line":12,"column":2},"end":{"line":14,"column":4}},"9":{"start":{"line":17,"column":0},"end":{"line":17,"column":37}}},"fnMap":{"0":{"name":"(anonymous_0)","decl":{"start":{"line":4,"column":24},"end":{"line":4,"column":25}},"loc":{"start":{"line":4,"column":39},"end":{"line":15,"column":1}},"line":4}},"branchMap":{"0":{"loc":{"start":{"line":8,"column":2},"end":{"line":10,"column":3}},"type":"if","locations":[{"start":{"line":8,"column":2},"end":{"line":10,"column":3}},{"start":{},"end":{}}],"line":8}},"s":{"0":1,"1":1,"2":1,"3":2,"4":2,"5":2,"6":1,"7":1,"8":1,"9":1},"f":{"0":2},"b":{"0":[1,1]},"_coverageSchema":"1a1c01bbd47fc00a2c39e90264f33305004495a9","hash":"abf37bd102b9f782df174fa4265613f39b9cc625"}
,"D:\\Internship\\NodeCliApp\\tests\\helpers\\auth.js": {"path":"D:\\Internship\\NodeCliApp\\tests\\helpers\\auth.js","statementMap":{"0":{"start":{"line":1,"column":16},"end":{"line":1,"column":36}},"1":{"start":{"line":2,"column":12},"end":{"line":2,"column":36}},"2":{"start":{"line":3,"column":13},"end":{"line":3,"column":40}},"3":{"start":{"line":5,"column":30},"end":{"line":24,"column":1}},"4":{"start":{"line":6,"column":16},"end":{"line":6,"column":59}},"5":{"start":{"line":7,"column":2},"end":{"line":12,"column":5}},"6":{"start":{"line":14,"column":19},"end":{"line":17,"column":4}},"7":{"start":{"line":19,"column":2},"end":{"line":21,"column":3}},"8":{"start":{"line":20,"column":4},"end":{"line":20,"column":85}},"9":{"start":{"line":23,"column":2},"end":{"line":23,"column":29}},"10":{"start":{"line":26,"column":0},"end":{"line":26,"column":39}}},"fnMap":{"0":{"name":"(anonymous_0)","decl":{"start":{"line":5,"column":30},"end":{"line":5,"column":31}},"loc":{"start":{"line":5,"column":55},"end":{"line":24,"column":1}},"line":5}},"branchMap":{"0":{"loc":{"start":{"line":5,"column":37},"end":{"line":5,"column":50}},"type":"default-arg","locations":[{"start":{"line":5,"column":44},"end":{"line":5,"column":50}}],"line":5},"1":{"loc":{"start":{"line":19,"column":2},"end":{"line":21,"column":3}},"type":"if","locations":[{"start":{"line":19,"column":2},"end":{"line":21,"column":3}},{"start":{},"end":{}}],"line":19},"2":{"loc":{"start":{"line":19,"column":6},"end":{"line":19,"column":44}},"type":"binary-expr","locations":[{"start":{"line":19,"column":6},"end":{"line":19,"column":20}},{"start":{"line":19,"column":24},"end":{"line":19,"column":44}}],"line":19}},"s":{"0":2,"1":2,"2":2,"3":2,"4":11,"5":11,"6":11,"7":11,"8":0,"9":11,"10":2},"f":{"0":11},"b":{"0":[0],"1":[0,11],"2":[11,11]},"_coverageSchema":"1a1c01bbd47fc00a2c39e90264f33305004495a9","hash":"8e167fc52e00a24de7827aeda79eda2fbaa949a9"}
}
