TN:
SF:config\bullBoard.js
FNF:0
FNH:0
DA:1,3
DA:2,3
DA:3,3
DA:4,3
DA:5,3
DA:6,3
DA:7,3
DA:8,3
DA:9,3
DA:11,3
DA:12,3
DA:13,3
DA:14,0
DA:27,3
LF:14
LH:13
BRDA:13,0,0,0
BRDA:13,0,1,3
BRF:2
BRH:1
end_of_record
TN:
SF:config\bullRedis.js
FNF:0
FNH:0
DA:1,23
DA:2,23
DA:4,23
DA:13,23
LF:4
LH:4
BRF:0
BRH:0
end_of_record
TN:
SF:config\index.js
FNF:0
FNH:0
DA:1,29
DA:11,29
DA:33,29
LF:3
LH:3
BRDA:12,0,0,29
BRDA:12,0,1,0
BRF:2
BRH:1
end_of_record
TN:
SF:config\redis.js
FNF:0
FNH:0
DA:1,10
DA:2,10
DA:3,10
DA:9,10
LF:4
LH:4
BRF:0
BRH:0
end_of_record
TN:
SF:config\stripe.js
FNF:0
FNH:0
DA:1,2
DA:2,2
DA:3,2
DA:5,2
LF:4
LH:4
BRF:0
BRH:0
end_of_record
TN:
SF:model\DailyReport.js
FNF:0
FNH:0
DA:1,4
DA:3,4
DA:16,4
LF:3
LH:3
BRF:0
BRH:0
end_of_record
TN:
SF:model\Order.js
FNF:0
FNH:0
DA:1,6
DA:3,6
DA:68,6
LF:3
LH:3
BRF:0
BRH:0
end_of_record
TN:
SF:model\Product.js
FN:47,(anonymous_0)
FNF:1
FNH:1
FNDA:3,(anonymous_0)
DA:1,5
DA:3,5
DA:43,5
DA:44,5
DA:46,5
DA:47,5
DA:48,3
DA:51,5
DA:52,5
DA:53,5
LF:10
LH:10
BRF:0
BRH:0
end_of_record
TN:
SF:model\Review.js
FN:31,(anonymous_0)
FN:46,(anonymous_1)
FNF:2
FNH:0
FNDA:0,(anonymous_0)
FNDA:0,(anonymous_1)
DA:1,3
DA:2,3
DA:4,3
DA:31,3
DA:34,0
DA:37,0
DA:38,0
DA:40,0
DA:44,0
DA:46,0
DA:47,0
DA:48,0
DA:54,3
LF:13
LH:5
BRDA:38,0,0,0
BRDA:38,0,1,0
BRF:2
BRH:0
end_of_record
TN:
SF:model\User.js
FN:69,(anonymous_0)
FN:77,(anonymous_1)
FN:81,(anonymous_2)
FNF:3
FNH:3
FNDA:19,(anonymous_0)
FNDA:15,(anonymous_1)
FNDA:5,(anonymous_2)
DA:1,5
DA:2,5
DA:3,5
DA:69,5
DA:70,19
DA:71,3
DA:74,16
DA:77,5
DA:78,15
DA:81,5
DA:82,5
DA:85,5
DA:86,5
DA:88,5
LF:14
LH:14
BRDA:70,0,0,3
BRDA:70,0,1,16
BRF:2
BRH:2
end_of_record
TN:
SF:src\app.js
FN:80,(anonymous_0)
FN:84,(anonymous_1)
FN:109,(anonymous_2)
FN:117,(anonymous_3)
FN:127,(anonymous_4)
FNF:5
FNH:2
FNDA:6,(anonymous_0)
FNDA:39,(anonymous_1)
FNDA:0,(anonymous_2)
FNDA:0,(anonymous_3)
FNDA:0,(anonymous_4)
DA:1,3
DA:2,3
DA:3,3
DA:4,3
DA:5,3
DA:11,3
DA:12,3
DA:13,3
DA:14,3
DA:15,3
DA:16,3
DA:17,3
DA:18,3
DA:19,3
DA:20,3
DA:21,3
DA:22,3
DA:23,3
DA:24,3
DA:25,3
DA:30,3
DA:33,3
DA:34,3
DA:37,3
DA:52,3
DA:57,3
DA:58,3
DA:59,3
DA:60,3
DA:61,3
DA:62,3
DA:63,3
DA:66,3
DA:67,3
DA:68,3
DA:69,3
DA:73,3
DA:74,3
DA:75,3
DA:78,3
DA:80,6
DA:82,3
DA:85,39
DA:86,39
DA:88,0
DA:89,0
DA:91,0
DA:99,3
DA:100,3
DA:101,3
DA:102,3
DA:103,3
DA:104,3
DA:105,3
DA:109,3
DA:110,0
DA:112,0
DA:117,3
DA:118,0
DA:120,0
DA:125,3
DA:126,3
DA:127,3
DA:128,0
DA:130,3
DA:131,3
DA:132,3
DA:134,3
LF:68
LH:60
BRDA:85,0,0,39
BRDA:85,0,1,0
BRDA:88,1,0,0
BRDA:88,1,1,0
BRF:4
BRH:1
end_of_record
TN:
SF:src\controllers\AdminController.js
FN:3,(anonymous_0)
FNF:1
FNH:0
FNDA:0,(anonymous_0)
DA:1,3
DA:3,3
DA:4,0
DA:5,0
DA:6,0
DA:7,0
DA:11,0
DA:12,0
DA:15,3
LF:9
LH:3
BRF:0
BRH:0
end_of_record
TN:
SF:src\controllers\authController.js
FN:21,(anonymous_0)
FN:56,(anonymous_1)
FN:74,(anonymous_2)
FN:84,(anonymous_3)
FN:123,(anonymous_4)
FN:200,(anonymous_5)
FN:210,(anonymous_6)
FN:250,(anonymous_7)
FN:273,(anonymous_8)
FN:305,(anonymous_9)
FN:337,(anonymous_10)
FNF:11
FNH:3
FNDA:6,(anonymous_0)
FNDA:0,(anonymous_1)
FNDA:0,(anonymous_2)
FNDA:0,(anonymous_3)
FNDA:15,(anonymous_4)
FNDA:1,(anonymous_5)
FNDA:0,(anonymous_6)
FNDA:0,(anonymous_7)
FNDA:0,(anonymous_8)
FNDA:0,(anonymous_9)
FNDA:0,(anonymous_10)
DA:1,3
DA:2,3
DA:3,3
DA:4,3
DA:5,3
DA:6,3
DA:7,3
DA:8,3
DA:9,3
DA:10,3
DA:15,3
DA:19,3
DA:21,3
DA:22,6
DA:29,6
DA:32,6
DA:33,1
DA:38,5
DA:49,5
DA:56,3
DA:57,0
DA:66,0
DA:67,0
DA:72,0
DA:74,3
DA:75,0
DA:76,0
DA:77,0
DA:82,0
DA:83,0
DA:84,0
DA:85,0
DA:86,0
DA:87,0
DA:89,0
DA:93,0
DA:94,0
DA:95,0
DA:104,0
DA:105,0
DA:106,0
DA:107,0
DA:110,0
DA:116,0
DA:123,3
DA:124,15
DA:126,15
DA:135,15
DA:136,15
DA:137,0
DA:143,15
DA:145,15
DA:146,1
DA:147,1
DA:154,14
DA:155,14
DA:156,1
DA:157,1
DA:163,13
DA:174,13
DA:175,13
DA:177,13
DA:179,13
DA:185,13
DA:187,13
DA:193,13
DA:200,3
DA:201,1
DA:207,1
DA:210,3
DA:211,0
DA:212,0
DA:213,0
DA:214,0
DA:219,0
DA:220,0
DA:221,0
DA:227,0
DA:229,0
DA:230,0
DA:236,0
DA:238,0
DA:243,0
DA:250,3
DA:251,0
DA:253,0
DA:254,0
DA:260,0
DA:266,0
DA:273,3
DA:274,0
DA:276,0
DA:277,0
DA:278,0
DA:284,0
DA:285,0
DA:286,0
DA:291,0
DA:292,0
DA:293,0
DA:295,0
DA:296,0
DA:297,0
DA:299,0
DA:305,3
DA:306,0
DA:307,0
DA:309,0
DA:311,0
DA:316,0
DA:317,0
DA:323,0
DA:324,0
DA:325,0
DA:326,0
DA:328,0
DA:329,0
DA:331,0
DA:337,3
DA:338,0
DA:345,0
DA:347,0
DA:349,0
DA:350,0
DA:356,0
DA:357,0
DA:358,0
DA:372,0
DA:373,0
DA:374,0
DA:375,0
DA:380,3
LF:132
LH:51
BRDA:32,0,0,1
BRDA:32,0,1,5
BRDA:66,1,0,0
BRDA:66,1,1,0
BRDA:76,2,0,0
BRDA:76,2,1,0
BRDA:86,3,0,0
BRDA:86,3,1,0
BRDA:94,4,0,0
BRDA:94,4,1,0
BRDA:106,5,0,0
BRDA:106,5,1,0
BRDA:112,6,0,0
BRDA:112,6,1,0
BRDA:113,7,0,0
BRDA:113,7,1,0
BRDA:136,8,0,0
BRDA:136,8,1,15
BRDA:145,9,0,1
BRDA:145,9,1,14
BRDA:155,10,0,1
BRDA:155,10,1,13
BRDA:213,11,0,0
BRDA:213,11,1,0
BRDA:220,12,0,0
BRDA:220,12,1,0
BRDA:229,13,0,0
BRDA:229,13,1,0
BRDA:253,14,0,0
BRDA:253,14,1,0
BRDA:277,15,0,0
BRDA:277,15,1,0
BRDA:316,16,0,0
BRDA:316,16,1,0
BRDA:349,17,0,0
BRDA:349,17,1,0
BRDA:357,18,0,0
BRDA:357,18,1,0
BRF:38
BRH:7
end_of_record
TN:
SF:src\controllers\cacheController.js
FN:3,(anonymous_0)
FNF:1
FNH:0
FNDA:0,(anonymous_0)
DA:1,3
DA:3,3
DA:4,0
DA:5,0
DA:7,0
DA:8,0
DA:10,0
DA:11,0
DA:18,0
DA:23,3
LF:10
LH:3
BRDA:10,0,0,0
BRDA:10,0,1,0
BRF:2
BRH:0
end_of_record
TN:
SF:src\controllers\orderController.js
FN:89,(anonymous_0)
FNF:1
FNH:1
FNDA:1,(anonymous_0)
DA:1,4
DA:2,4
DA:3,4
DA:4,4
DA:89,4
DA:90,1
DA:96,1
DA:160,1
DA:167,4
LF:9
LH:9
BRF:0
BRH:0
end_of_record
TN:
SF:src\controllers\productController.js
FN:15,(anonymous_0)
FN:28,(anonymous_1)
FN:81,(anonymous_2)
FN:97,(anonymous_3)
FN:116,(anonymous_4)
FN:132,(anonymous_5)
FN:152,(anonymous_6)
FN:177,(anonymous_7)
FN:193,(anonymous_8)
FNF:9
FNH:3
FNDA:0,(anonymous_0)
FNDA:0,(anonymous_1)
FNDA:0,(anonymous_2)
FNDA:0,(anonymous_3)
FNDA:0,(anonymous_4)
FNDA:1,(anonymous_5)
FNDA:1,(anonymous_6)
FNDA:5,(anonymous_7)
FNDA:0,(anonymous_8)
DA:1,3
DA:2,3
DA:3,3
DA:4,3
DA:5,3
DA:15,3
DA:16,0
DA:17,0
DA:18,0
DA:19,0
DA:25,0
DA:28,3
DA:29,0
DA:74,0
DA:81,3
DA:82,0
DA:83,0
DA:85,0
DA:90,0
DA:91,0
DA:97,3
DA:98,0
DA:99,0
DA:101,0
DA:102,0
DA:106,0
DA:109,0
DA:116,3
DA:120,0
DA:121,0
DA:123,0
DA:125,0
DA:129,0
DA:132,3
DA:136,1
DA:137,1
DA:138,0
DA:144,1
DA:152,3
DA:153,1
DA:154,1
DA:155,1
DA:159,1
DA:160,0
DA:166,1
DA:167,1
DA:168,1
DA:169,0
DA:171,1
DA:172,1
DA:177,3
DA:178,5
DA:187,5
DA:188,5
DA:193,3
DA:194,0
DA:198,0
DA:199,0
DA:200,0
DA:201,0
DA:206,0
DA:209,3
LF:62
LH:30
BRDA:77,0,0,0
BRDA:77,0,1,0
BRDA:90,1,0,0
BRDA:90,1,1,0
BRDA:101,2,0,0
BRDA:101,2,1,0
BRDA:101,3,0,0
BRDA:101,3,1,0
BRDA:123,4,0,0
BRDA:123,4,1,0
BRDA:137,5,0,0
BRDA:137,5,1,1
BRDA:159,6,0,0
BRDA:159,6,1,1
BRDA:168,7,0,0
BRDA:168,7,1,1
BRDA:200,8,0,0
BRDA:200,8,1,0
BRF:18
BRH:3
end_of_record
TN:
SF:src\controllers\stripeController.js
FN:4,(anonymous_0)
FN:9,(anonymous_1)
FN:71,(anonymous_2)
FN:84,(anonymous_3)
FN:112,(anonymous_4)
FN:135,(anonymous_5)
FN:162,(anonymous_6)
FN:220,(anonymous_7)
FNF:8
FNH:1
FNDA:0,(anonymous_0)
FNDA:3,(anonymous_1)
FNDA:0,(anonymous_2)
FNDA:0,(anonymous_3)
FNDA:0,(anonymous_4)
FNDA:0,(anonymous_5)
FNDA:0,(anonymous_6)
FNDA:0,(anonymous_7)
DA:1,3
DA:2,3
DA:4,3
DA:5,0
DA:6,0
DA:9,3
DA:10,3
DA:11,3
DA:12,3
DA:13,0
DA:15,3
DA:16,3
DA:20,3
DA:21,3
DA:24,3
DA:29,3
DA:30,1
DA:37,2
DA:43,2
DA:44,1
DA:47,2
DA:62,2
DA:64,2
DA:71,3
DA:72,0
DA:77,0
DA:84,3
DA:85,0
DA:86,0
DA:90,0
DA:95,0
DA:101,0
DA:112,3
DA:113,0
DA:114,0
DA:115,0
DA:121,0
DA:122,0
DA:126,0
DA:127,0
DA:129,0
DA:130,0
DA:135,0
DA:149,0
DA:162,3
DA:163,0
DA:164,0
DA:170,0
DA:175,0
DA:177,0
DA:178,0
DA:180,0
DA:182,0
DA:185,0
DA:189,0
DA:191,0
DA:193,0
DA:196,0
DA:203,0
DA:205,0
DA:206,0
DA:207,0
DA:212,0
DA:219,0
DA:220,0
DA:223,0
DA:233,3
LF:67
LH:25
BRDA:12,0,0,0
BRDA:12,0,1,3
BRDA:15,1,0,3
BRDA:15,1,1,0
BRDA:29,2,0,1
BRDA:29,2,1,2
BRDA:51,3,0,2
BRDA:51,3,1,0
BRDA:86,4,0,0
BRDA:86,4,1,0
BRDA:87,5,0,0
BRDA:87,5,1,0
BRDA:114,6,0,0
BRDA:114,6,1,0
BRDA:121,7,0,0
BRDA:121,7,1,0
BRDA:126,8,0,0
BRDA:126,8,1,0
BRDA:130,9,0,0
BRDA:130,9,1,0
BRDA:155,10,0,0
BRDA:155,10,1,0
BRDA:163,11,0,0
BRDA:163,11,1,0
BRDA:180,12,0,0
BRDA:180,12,1,0
BRDA:182,13,0,0
BRDA:182,13,1,0
BRDA:185,14,0,0
BRDA:185,14,1,0
BRDA:206,15,0,0
BRDA:206,15,1,0
BRDA:206,16,0,0
BRDA:206,16,1,0
BRF:34
BRH:5
end_of_record
TN:
SF:src\controllers\uploadController.js
FN:3,uploadAvatar
FN:9,uploadImages
FN:21,serveImg
FN:39,deleteImg
FNF:4
FNH:0
FNDA:0,uploadAvatar
FNDA:0,uploadImages
FNDA:0,serveImg
FNDA:0,deleteImg
DA:1,3
DA:2,3
DA:4,0
DA:6,0
DA:10,0
DA:12,0
DA:13,0
DA:18,0
DA:22,0
DA:23,0
DA:24,0
DA:29,0
DA:30,0
DA:31,0
DA:35,0
DA:40,0
DA:41,0
DA:42,0
DA:46,0
DA:47,0
DA:48,0
DA:52,0
DA:53,0
DA:57,3
LF:24
LH:3
BRDA:12,0,0,0
BRDA:12,0,1,0
BRDA:12,1,0,0
BRDA:12,1,1,0
BRDA:23,2,0,0
BRDA:23,2,1,0
BRDA:30,3,0,0
BRDA:30,3,1,0
BRDA:41,4,0,0
BRDA:41,4,1,0
BRDA:47,5,0,0
BRDA:47,5,1,0
BRF:12
BRH:0
end_of_record
TN:
SF:src\controllers\webhookController.js
FN:5,(anonymous_0)
FNF:1
FNH:0
FNDA:0,(anonymous_0)
DA:1,3
DA:2,3
DA:3,3
DA:5,3
DA:6,0
DA:7,0
DA:9,0
DA:10,0
DA:12,0
DA:18,0
DA:20,0
DA:21,0
DA:22,0
DA:25,0
DA:27,0
DA:28,0
DA:29,0
DA:30,0
DA:31,0
DA:33,0
DA:34,0
DA:35,0
DA:36,0
DA:40,0
DA:41,0
DA:43,0
DA:44,0
DA:46,0
DA:49,0
DA:50,0
DA:52,0
DA:53,0
DA:56,0
DA:57,0
DA:58,0
DA:60,0
DA:61,0
DA:64,0
DA:66,0
DA:67,0
DA:68,0
DA:71,0
DA:73,0
DA:77,0
DA:78,0
DA:79,0
DA:80,0
DA:83,0
DA:87,0
DA:88,0
DA:91,0
DA:94,3
LF:52
LH:5
BRDA:18,0,0,0
BRDA:18,0,1,0
BRDA:18,0,2,0
BRDA:18,0,3,0
BRDA:18,0,4,0
BRDA:25,1,0,0
BRDA:25,1,1,0
BRDA:29,2,0,0
BRDA:29,2,1,0
BRDA:30,3,0,0
BRDA:30,3,1,0
BRDA:56,4,0,0
BRDA:56,4,1,0
BRDA:62,5,0,0
BRDA:62,5,1,0
BRDA:77,6,0,0
BRDA:77,6,1,0
BRF:17
BRH:0
end_of_record
TN:
SF:src\flow\orderFlow.js
FNF:0
FNH:0
DA:1,4
DA:2,4
DA:3,4
DA:4,4
LF:4
LH:4
BRF:0
BRH:0
end_of_record
TN:
SF:src\jobs\utils\generateDailyReport.js
FN:5,(anonymous_0)
FNF:1
FNH:1
FNDA:2,(anonymous_0)
DA:1,1
DA:2,1
DA:3,1
DA:5,1
DA:6,2
DA:7,2
DA:9,2
DA:10,2
DA:11,2
DA:12,2
DA:13,2
DA:14,2
DA:16,2
DA:23,2
DA:26,2
DA:49,2
DA:53,2
DA:59,2
DA:63,2
DA:70,2
DA:71,2
DA:72,2
DA:75,1
LF:23
LH:23
BRDA:5,0,0,1
BRDA:6,1,0,1
BRDA:6,1,1,1
BRDA:23,2,0,1
BRDA:23,2,1,1
BRDA:49,3,0,1
BRDA:49,3,1,1
BRDA:59,4,0,1
BRDA:59,4,1,1
BRDA:66,5,0,2
BRDA:66,5,1,1
BRDA:71,6,0,1
BRDA:71,6,1,1
BRF:13
BRH:13
end_of_record
TN:
SF:src\jobs\utils\getLowStockProducts.js
FN:3,(anonymous_0)
FNF:1
FNH:1
FNDA:2,(anonymous_0)
DA:1,1
DA:3,1
DA:4,2
DA:7,2
DA:10,1
LF:5
LH:5
BRF:0
BRH:0
end_of_record
TN:
SF:src\middleware\Limiter.js
FN:6,(anonymous_0)
FN:15,(anonymous_1)
FN:24,(anonymous_2)
FNF:3
FNH:2
FNDA:25,(anonymous_0)
FNDA:11,(anonymous_1)
FNDA:0,(anonymous_2)
DA:1,3
DA:3,3
DA:6,25
DA:12,3
DA:15,11
DA:21,3
DA:24,0
DA:31,3
LF:8
LH:7
BRF:0
BRH:0
end_of_record
TN:
SF:src\middleware\ValidateId.js
FN:3,validateId
FNF:1
FNH:1
FNDA:3,validateId
DA:1,3
DA:4,3
DA:6,3
DA:7,0
DA:13,3
DA:16,3
LF:6
LH:5
BRDA:6,0,0,0
BRDA:6,0,1,3
BRF:2
BRH:1
end_of_record
TN:
SF:src\middleware\adminAuth.js
FN:1,(anonymous_0)
FNF:1
FNH:1
FNDA:8,(anonymous_0)
DA:1,3
DA:2,8
DA:3,2
DA:9,6
DA:12,3
LF:5
LH:5
BRDA:2,0,0,2
BRDA:2,0,1,6
BRF:2
BRH:2
end_of_record
TN:
SF:src\middleware\asyncHandler.js
FN:1,(anonymous_0)
FN:2,(anonymous_1)
FNF:2
FNH:2
FNDA:93,(anonymous_0)
FNDA:34,(anonymous_1)
DA:1,4
DA:2,93
DA:3,34
DA:7,4
LF:4
LH:4
BRF:0
BRH:0
end_of_record
TN:
SF:src\middleware\authProvider.js
FN:5,(anonymous_0)
FNF:1
FNH:1
FNDA:17,(anonymous_0)
DA:1,3
DA:2,3
DA:3,3
DA:4,3
DA:5,3
DA:6,17
DA:7,17
DA:9,17
DA:10,3
DA:15,14
DA:16,0
DA:21,14
DA:23,14
DA:25,13
DA:26,13
DA:27,0
DA:29,13
DA:30,13
DA:32,1
DA:33,1
DA:34,1
DA:39,0
DA:46,3
LF:23
LH:20
BRDA:9,0,0,3
BRDA:9,0,1,14
BRDA:15,1,0,0
BRDA:15,1,1,14
BRDA:26,2,0,0
BRDA:26,2,1,13
BRDA:33,3,0,1
BRDA:33,3,1,0
BRF:8
BRH:5
end_of_record
TN:
SF:src\middleware\cacheMiddleware.js
FN:4,(anonymous_0)
FN:5,(anonymous_1)
FN:16,(anonymous_2)
FNF:3
FNH:3
FNDA:6,(anonymous_0)
FNDA:1,(anonymous_1)
FNDA:1,(anonymous_2)
DA:1,3
DA:4,3
DA:5,6
DA:6,1
DA:7,1
DA:8,1
DA:9,1
DA:10,0
DA:11,0
DA:13,1
DA:14,1
DA:16,1
DA:17,1
DA:18,1
DA:19,1
DA:21,0
DA:24,1
DA:26,1
DA:28,0
DA:32,3
LF:20
LH:16
BRDA:4,0,0,0
BRDA:9,1,0,0
BRDA:9,1,1,1
BRF:3
BRH:1
end_of_record
TN:
SF:src\middleware\errorHandler.js
FN:3,errorHandler
FNF:1
FNH:0
FNDA:0,errorHandler
DA:1,3
DA:4,0
DA:5,0
DA:6,0
DA:7,0
DA:9,0
DA:10,0
DA:11,0
DA:15,0
DA:16,0
DA:17,0
DA:21,0
DA:22,0
DA:24,0
DA:25,0
DA:28,0
DA:39,3
LF:17
LH:2
BRDA:5,0,0,0
BRDA:5,0,1,0
BRDA:6,1,0,0
BRDA:6,1,1,0
BRDA:9,2,0,0
BRDA:9,2,1,0
BRDA:15,3,0,0
BRDA:15,3,1,0
BRDA:21,4,0,0
BRDA:21,4,1,0
BRDA:24,5,0,0
BRDA:24,5,1,0
BRDA:30,6,0,0
BRDA:30,6,1,0
BRDA:32,7,0,0
BRDA:32,7,1,0
BRDA:35,8,0,0
BRDA:35,8,1,0
BRF:18
BRH:0
end_of_record
TN:
SF:src\middleware\hpp.js
FN:6,hpp
FN:9,(anonymous_1)
FNF:2
FNH:2
FNDA:3,hpp
FNDA:39,(anonymous_1)
DA:7,3
DA:9,3
DA:11,39
DA:12,39
DA:13,0
DA:14,0
DA:20,39
DA:21,34
DA:22,82
DA:23,0
DA:28,39
DA:32,3
LF:12
LH:9
BRDA:6,0,0,3
BRDA:7,1,0,0
BRDA:7,1,1,3
BRDA:11,2,0,39
BRDA:11,2,1,0
BRDA:11,3,0,39
BRDA:11,3,1,39
BRDA:13,4,0,0
BRDA:13,4,1,0
BRDA:13,5,0,0
BRDA:13,5,1,0
BRDA:20,6,0,34
BRDA:20,6,1,5
BRDA:20,7,0,39
BRDA:20,7,1,34
BRDA:22,8,0,0
BRDA:22,8,1,82
BRDA:22,9,0,82
BRDA:22,9,1,0
BRF:19
BRH:11
end_of_record
TN:
SF:src\middleware\loginBruteProtector.js
FN:6,(anonymous_0)
FN:10,(anonymous_1)
FN:27,(anonymous_2)
FN:38,(anonymous_3)
FNF:4
FNH:4
FNDA:32,(anonymous_0)
FNDA:15,(anonymous_1)
FNDA:2,(anonymous_2)
FNDA:15,(anonymous_3)
DA:1,3
DA:3,3
DA:4,3
DA:6,3
DA:7,32
DA:10,3
DA:11,15
DA:12,15
DA:13,15
DA:15,15
DA:16,0
DA:17,0
DA:22,15
DA:27,3
DA:28,2
DA:29,2
DA:30,2
DA:32,2
DA:33,2
DA:35,2
DA:38,3
DA:39,15
DA:40,15
DA:41,15
DA:44,3
LF:25
LH:23
BRDA:15,0,0,0
BRDA:15,0,1,15
BRDA:15,1,0,15
BRDA:15,1,1,0
BRDA:32,2,0,2
BRDA:32,2,1,0
BRF:6
BRH:3
end_of_record
TN:
SF:src\middleware\notFound.js
FN:1,notFound
FNF:1
FNH:0
FNDA:0,notFound
DA:2,0
DA:7,3
LF:2
LH:1
BRF:0
BRH:0
end_of_record
TN:
SF:src\middleware\upload.js
FN:9,(anonymous_0)
FN:12,(anonymous_1)
FN:25,(anonymous_2)
FNF:3
FNH:0
FNDA:0,(anonymous_0)
FNDA:0,(anonymous_1)
FNDA:0,(anonymous_2)
DA:1,3
DA:2,3
DA:3,3
DA:5,3
DA:8,3
DA:10,0
DA:13,0
DA:14,0
DA:15,0
DA:16,0
DA:19,0
DA:23,3
DA:26,0
DA:27,0
DA:28,0
DA:30,0
DA:36,3
LF:17
LH:7
BRDA:27,0,0,0
BRDA:27,0,1,0
BRF:2
BRH:0
end_of_record
TN:
SF:src\middleware\validateContentType.js
FN:1,(anonymous_0)
FNF:1
FNH:1
FNDA:39,(anonymous_0)
DA:1,3
DA:2,39
DA:4,39
DA:5,5
DA:8,34
DA:9,0
DA:12,34
DA:14,34
DA:15,34
DA:18,0
DA:24,3
LF:11
LH:9
BRDA:4,0,0,5
BRDA:4,0,1,34
BRDA:8,1,0,0
BRDA:8,1,1,34
BRDA:8,2,0,34
BRDA:8,2,1,34
BRDA:14,3,0,34
BRDA:14,3,1,0
BRDA:14,4,0,34
BRDA:14,4,1,34
BRDA:14,4,2,0
BRF:11
BRH:8
end_of_record
TN:
SF:src\middleware\validators\authValidators.js
FN:43,(anonymous_0)
FN:70,(anonymous_1)
FN:78,(anonymous_2)
FNF:3
FNH:1
FNDA:0,(anonymous_0)
FNDA:0,(anonymous_1)
FNDA:22,(anonymous_2)
DA:1,3
DA:3,3
DA:25,3
DA:35,3
DA:44,0
DA:45,0
DA:47,0
DA:51,3
DA:60,3
DA:71,0
DA:72,0
DA:74,0
DA:78,3
DA:79,22
DA:80,22
DA:81,1
DA:86,21
DA:89,3
LF:18
LH:12
BRDA:44,0,0,0
BRDA:44,0,1,0
BRDA:71,1,0,0
BRDA:71,1,1,0
BRDA:80,2,0,1
BRDA:80,2,1,21
BRF:6
BRH:2
end_of_record
TN:
SF:src\queues\emailQueue.js
FNF:0
FNH:0
DA:1,3
DA:2,3
DA:3,3
DA:4,3
LF:4
LH:4
BRF:0
BRH:0
end_of_record
TN:
SF:src\queues\orderQueue.js
FNF:0
FNH:0
DA:1,3
DA:2,3
DA:4,3
DA:5,3
LF:4
LH:4
BRF:0
BRH:0
end_of_record
TN:
SF:src\queues\paymentQueue.js
FNF:0
FNH:0
DA:1,3
DA:2,3
DA:4,3
DA:5,3
LF:4
LH:4
BRF:0
BRH:0
end_of_record
TN:
SF:src\queues\reportQueue.js
FNF:0
FNH:0
DA:1,3
DA:2,3
DA:3,3
DA:5,3
LF:4
LH:4
BRF:0
BRH:0
end_of_record
TN:
SF:src\queues\rollbackQueue.js
FNF:0
FNH:0
DA:1,3
DA:2,3
DA:4,3
DA:7,3
LF:4
LH:4
BRF:0
BRH:0
end_of_record
TN:
SF:src\queues\stockQueue.js
FNF:0
FNH:0
DA:1,3
DA:2,3
DA:3,3
DA:4,3
LF:4
LH:4
BRF:0
BRH:0
end_of_record
TN:
SF:src\routes\adminRoutes.js
FNF:0
FNH:0
DA:1,3
DA:2,3
DA:3,3
DA:4,3
DA:6,3
DA:8,3
DA:10,3
LF:7
LH:7
BRF:0
BRH:0
end_of_record
TN:
SF:src\routes\authRouter.js
FNF:0
FNH:0
DA:1,3
DA:13,3
DA:15,3
DA:16,3
DA:17,3
DA:25,3
DA:26,3
DA:28,3
DA:34,3
DA:40,3
DA:42,3
DA:43,3
DA:44,3
DA:45,3
DA:47,3
DA:53,3
DA:54,3
DA:61,3
LF:18
LH:18
BRF:0
BRH:0
end_of_record
TN:
SF:src\routes\cacheRouter.js
FNF:0
FNH:0
DA:1,3
DA:2,3
DA:3,3
DA:4,3
DA:7,3
DA:9,3
LF:6
LH:6
BRF:0
BRH:0
end_of_record
TN:
SF:src\routes\orderRoute.js
FNF:0
FNH:0
DA:1,3
DA:2,3
DA:3,3
DA:4,3
DA:5,3
DA:6,3
DA:7,3
DA:9,3
DA:11,3
DA:13,3
LF:10
LH:10
BRF:0
BRH:0
end_of_record
TN:
SF:src\routes\productRouter.js
FNF:0
FNH:0
DA:1,3
DA:3,3
DA:14,3
DA:15,3
DA:16,3
DA:17,3
DA:18,3
DA:19,3
DA:21,3
DA:23,3
DA:24,3
DA:31,3
DA:33,3
DA:35,3
DA:37,3
DA:38,3
DA:39,3
DA:40,3
DA:42,3
LF:19
LH:19
BRF:0
BRH:0
end_of_record
TN:
SF:src\routes\stripeRouter.js
FNF:0
FNH:0
DA:1,3
DA:3,3
DA:11,3
DA:12,3
DA:13,3
DA:15,3
DA:16,3
DA:17,3
DA:18,3
DA:19,3
DA:20,3
DA:21,3
LF:12
LH:12
BRF:0
BRH:0
end_of_record
TN:
SF:src\routes\upload.js
FNF:0
FNH:0
DA:1,3
DA:2,3
DA:8,3
DA:9,3
DA:10,3
DA:11,3
DA:13,3
DA:14,3
DA:20,3
DA:21,3
DA:23,3
LF:11
LH:11
BRF:0
BRH:0
end_of_record
TN:
SF:src\routes\webhookRoutes.js
FNF:0
FNH:0
DA:1,3
DA:3,3
DA:5,3
DA:7,3
LF:4
LH:4
BRF:0
BRH:0
end_of_record
TN:
SF:src\store\users.js
FNF:0
FNH:0
DA:1,3
DA:2,3
LF:2
LH:2
BRF:0
BRH:0
end_of_record
TN:
SF:src\utils\QueryBuilder.js
FN:2,(anonymous_0)
FN:6,(anonymous_1)
FN:30,(anonymous_2)
FN:51,(anonymous_3)
FN:60,(anonymous_4)
FNF:5
FNH:4
FNDA:6,(anonymous_0)
FNDA:2,(anonymous_1)
FNDA:2,(anonymous_2)
FNDA:2,(anonymous_3)
FNDA:0,(anonymous_4)
DA:3,6
DA:4,6
DA:7,2
DA:8,2
DA:10,2
DA:11,2
DA:12,1
DA:14,2
DA:15,1
DA:17,2
DA:18,1
DA:20,1
DA:21,1
DA:23,1
DA:24,1
DA:27,2
DA:28,2
DA:31,2
DA:32,1
DA:49,2
DA:52,2
DA:53,1
DA:55,1
DA:57,2
DA:61,0
DA:62,0
DA:63,0
DA:65,0
DA:67,0
DA:71,4
LF:30
LH:25
BRDA:11,0,0,1
BRDA:11,0,1,1
BRDA:14,1,0,1
BRDA:14,1,1,1
BRDA:17,2,0,1
BRDA:17,2,1,1
BRDA:17,3,0,2
BRDA:17,3,1,1
BRDA:20,4,0,1
BRDA:20,4,1,0
BRDA:23,5,0,1
BRDA:23,5,1,0
BRDA:31,6,0,1
BRDA:31,6,1,1
BRDA:52,7,0,1
BRDA:52,7,1,1
BRDA:61,8,0,0
BRDA:61,8,1,0
BRDA:61,9,0,0
BRDA:61,9,1,0
BRDA:62,10,0,0
BRDA:62,10,1,0
BRDA:63,11,0,0
BRDA:63,11,1,0
BRF:24
BRH:14
end_of_record
TN:
SF:src\utils\tokenGenerator.js
FN:4,(anonymous_0)
FN:18,(anonymous_1)
FNF:2
FNH:2
FNDA:13,(anonymous_0)
FNDA:13,(anonymous_1)
DA:1,3
DA:2,3
DA:4,3
DA:5,13
DA:18,3
DA:19,13
DA:31,3
LF:7
LH:7
BRF:0
BRH:0
end_of_record
TN:
SF:src\workers\processors\emailProcessor.js
FN:4,(anonymous_0)
FNF:1
FNH:1
FNDA:2,(anonymous_0)
DA:1,1
DA:3,1
DA:4,1
DA:5,2
DA:6,2
DA:8,2
DA:9,1
DA:11,1
DA:12,1
DA:17,1
LF:10
LH:10
BRDA:8,0,0,1
BRDA:8,0,1,1
BRF:2
BRH:2
end_of_record
TN:
SF:tests\helpers\auth.js
FN:5,(anonymous_0)
FNF:1
FNH:1
FNDA:11,(anonymous_0)
DA:1,2
DA:2,2
DA:3,2
DA:5,2
DA:6,11
DA:7,11
DA:14,11
DA:19,11
DA:20,0
DA:23,11
DA:26,2
LF:11
LH:10
BRDA:5,0,0,0
BRDA:19,1,0,0
BRDA:19,1,1,11
BRDA:19,2,0,11
BRDA:19,2,1,11
BRF:5
BRH:3
end_of_record
